<?xml version="1.0" encoding="utf-8"?>
<CoverageSession xmlns:xsd="http://www.w3.org/2001/XMLSchema" xmlns:xsi="http://www.w3.org/2001/XMLSchema-instance">
  <Summary numSequencePoints="227" visitedSequencePoints="226" numBranchPoints="113" visitedBranchPoints="106" sequenceCoverage="99.56" branchCoverage="93.81" maxCyclomaticComplexity="16" minCyclomaticComplexity="1" visitedClasses="19" numClasses="19" visitedMethods="35" numMethods="35" />
  <Modules>
    <Module skippedDueTo="Filter" hash="CB-5B-A6-B6-A0-10-6D-86-67-46-D2-09-EC-4D-F9-EB-88-FB-FA-C2">
      <ModulePath>c:\Program Files\dotnet\shared\Microsoft.NETCore.App\2.1.0-rc1\System.Private.CoreLib.dll</ModulePath>
      <ModuleTime>2018-04-25T22:56:50Z</ModuleTime>
      <ModuleName>System.Private.CoreLib</ModuleName>
      <Classes />
    </Module>
    <Module skippedDueTo="Filter" hash="E9-B3-E5-05-0E-43-0F-3A-96-D6-D4-A5-8F-53-A5-47-EE-C3-87-96">
      <ModulePath>c:\Program Files\dotnet\sdk\2.1.300-rc1-008673\dotnet.dll</ModulePath>
      <ModuleTime>2018-04-27T15:37:42Z</ModuleTime>
      <ModuleName>dotnet</ModuleName>
      <Classes />
    </Module>
    <Module skippedDueTo="Filter" hash="A4-32-25-26-07-43-4F-A7-A8-64-66-C0-37-B2-11-28-98-E1-C1-D7">
      <ModulePath>c:\Program Files\dotnet\shared\Microsoft.NETCore.App\2.1.0-rc1\System.Runtime.dll</ModulePath>
      <ModuleTime>2018-04-25T22:56:50Z</ModuleTime>
      <ModuleName>System.Runtime</ModuleName>
      <Classes />
    </Module>
    <Module skippedDueTo="Filter" hash="D7-1B-C5-69-47-11-FA-32-63-9A-AD-55-30-3C-2D-E2-C8-8A-47-CD">
      <ModulePath>c:\Program Files\dotnet\sdk\2.1.300-rc1-008673\Microsoft.DotNet.Cli.Utils.dll</ModulePath>
      <ModuleTime>2018-04-27T15:38:08Z</ModuleTime>
      <ModuleName>Microsoft.DotNet.Cli.Utils</ModuleName>
      <Classes />
    </Module>
    <Module skippedDueTo="Filter" hash="2C-65-E0-EE-16-EB-E9-52-6A-F5-1C-DE-2C-98-C1-77-46-40-C4-04">
      <ModulePath>c:\Program Files\dotnet\shared\Microsoft.NETCore.App\2.1.0-rc1\netstandard.dll</ModulePath>
      <ModuleTime>2018-04-25T22:56:50Z</ModuleTime>
      <ModuleName>netstandard</ModuleName>
      <Classes />
    </Module>
    <Module skippedDueTo="Filter" hash="16-96-BF-C5-FE-A5-75-97-43-B9-40-18-25-2F-FC-DF-D4-A9-A7-99">
      <ModulePath>c:\Program Files\dotnet\shared\Microsoft.NETCore.App\2.1.0-rc1\System.Runtime.Extensions.dll</ModulePath>
      <ModuleTime>2018-04-25T22:56:50Z</ModuleTime>
      <ModuleName>System.Runtime.Extensions</ModuleName>
      <Classes />
    </Module>
    <Module skippedDueTo="Filter" hash="85-AD-D1-1A-97-69-8F-33-18-71-4E-B4-83-0C-D1-87-CA-FE-7D-18">
      <ModulePath>c:\Program Files\dotnet\shared\Microsoft.NETCore.App\2.1.0-rc1\System.Runtime.Loader.dll</ModulePath>
      <ModuleTime>2018-04-25T22:56:50Z</ModuleTime>
      <ModuleName>System.Runtime.Loader</ModuleName>
      <Classes />
    </Module>
    <Module skippedDueTo="Filter" hash="6D-36-4C-42-29-84-44-B4-D8-F2-CB-CA-DE-4D-22-09-D7-B8-80-D3">
      <ModulePath>c:\Program Files\dotnet\sdk\2.1.300-rc1-008673\Microsoft.DotNet.PlatformAbstractions.dll</ModulePath>
      <ModuleTime>2018-04-27T15:38:48Z</ModuleTime>
      <ModuleName>Microsoft.DotNet.PlatformAbstractions</ModuleName>
      <Classes />
    </Module>
    <Module skippedDueTo="Filter" hash="1A-28-8F-57-B8-9B-9B-D1-CD-C5-51-E6-F3-49-1C-49-4A-5B-39-3D">
      <ModulePath>c:\Program Files\dotnet\shared\Microsoft.NETCore.App\2.1.0-rc1\System.Runtime.InteropServices.RuntimeInformation.dll</ModulePath>
      <ModuleTime>2018-04-25T22:56:50Z</ModuleTime>
      <ModuleName>System.Runtime.InteropServices.RuntimeInformation</ModuleName>
      <Classes />
    </Module>
    <Module skippedDueTo="Filter" hash="8C-17-21-E8-6A-90-24-74-42-A8-76-9A-C3-F1-9B-2B-DA-87-4A-8F">
      <ModulePath>c:\Program Files\dotnet\shared\Microsoft.NETCore.App\2.1.0-rc1\System.Runtime.InteropServices.dll</ModulePath>
      <ModuleTime>2018-04-25T22:56:50Z</ModuleTime>
      <ModuleName>System.Runtime.InteropServices</ModuleName>
      <Classes />
    </Module>
    <Module skippedDueTo="Filter" hash="3C-84-C1-CF-47-84-CA-23-EB-6A-DF-12-69-BC-F9-CD-ED-6D-1F-4A">
      <ModulePath>c:\Program Files\dotnet\shared\Microsoft.NETCore.App\2.1.0-rc1\System.IO.FileSystem.dll</ModulePath>
      <ModuleTime>2018-04-25T22:56:48Z</ModuleTime>
      <ModuleName>System.IO.FileSystem</ModuleName>
      <Classes />
    </Module>
    <Module skippedDueTo="Filter" hash="7E-B0-76-5A-6F-9F-CF-F3-40-08-78-95-A0-25-45-74-49-1E-24-0A">
      <ModulePath>c:\Program Files\dotnet\sdk\2.1.300-rc1-008673\runtimes\win\lib\netcoreapp2.0\System.Text.Encoding.CodePages.dll</ModulePath>
      <ModuleTime>2018-04-27T15:36:40Z</ModuleTime>
      <ModuleName>System.Text.Encoding.CodePages</ModuleName>
      <Classes />
    </Module>
    <Module skippedDueTo="Filter" hash="09-5B-A1-C6-2E-26-1F-25-FE-6B-CA-44-30-C1-7E-42-1D-64-21-48">
      <ModulePath>c:\Program Files\dotnet\shared\Microsoft.NETCore.App\2.1.0-rc1\System.Collections.dll</ModulePath>
      <ModuleTime>2018-04-25T22:56:46Z</ModuleTime>
      <ModuleName>System.Collections</ModuleName>
      <Classes />
    </Module>
    <Module skippedDueTo="Filter" hash="C9-D8-0A-25-67-43-50-DA-31-48-BA-1C-9A-82-57-82-92-AE-72-AC">
      <ModulePath>c:\Program Files\dotnet\shared\Microsoft.NETCore.App\2.1.0-rc1\System.Threading.dll</ModulePath>
      <ModuleTime>2018-04-25T22:56:50Z</ModuleTime>
      <ModuleName>System.Threading</ModuleName>
      <Classes />
    </Module>
    <Module skippedDueTo="Filter" hash="4F-46-6A-E0-FA-95-FB-C0-40-72-97-D6-75-FA-97-72-27-30-8A-3F">
      <ModulePath>c:\Program Files\dotnet\shared\Microsoft.NETCore.App\2.1.0-rc1\System.Collections.Concurrent.dll</ModulePath>
      <ModuleTime>2018-04-25T22:56:46Z</ModuleTime>
      <ModuleName>System.Collections.Concurrent</ModuleName>
      <Classes />
    </Module>
    <Module skippedDueTo="Filter" hash="53-75-74-B9-1C-08-4C-A6-3C-D3-04-C3-FF-DD-3D-9E-4B-A9-75-03">
      <ModulePath>c:\Program Files\dotnet\shared\Microsoft.NETCore.App\2.1.0-rc1\System.Threading.Thread.dll</ModulePath>
      <ModuleTime>2018-04-25T22:56:50Z</ModuleTime>
      <ModuleName>System.Threading.Thread</ModuleName>
      <Classes />
    </Module>
    <Module skippedDueTo="Filter" hash="0C-F1-CF-78-E0-E5-71-19-A5-13-25-5B-A3-E0-2A-10-73-92-2A-45">
      <ModulePath>c:\Program Files\dotnet\sdk\2.1.300-rc1-008673\Microsoft.DotNet.Configurer.dll</ModulePath>
      <ModuleTime>2018-04-27T15:38:08Z</ModuleTime>
      <ModuleName>Microsoft.DotNet.Configurer</ModuleName>
      <Classes />
    </Module>
    <Module skippedDueTo="Filter" hash="80-94-E0-E9-1F-5C-F9-6D-95-C4-86-1F-DF-C4-60-6A-3A-D3-08-C4">
      <ModulePath>c:\Program Files\dotnet\sdk\2.1.300-rc1-008673\Microsoft.DotNet.Cli.CommandLine.dll</ModulePath>
      <ModuleTime>2018-04-27T15:38:08Z</ModuleTime>
      <ModuleName>Microsoft.DotNet.Cli.CommandLine</ModuleName>
      <Classes />
    </Module>
    <Module skippedDueTo="Filter" hash="49-0F-1C-E0-FE-E5-9D-F9-27-AA-0E-4F-5B-06-4D-B8-E0-D0-36-38">
      <ModulePath>c:\Program Files\dotnet\shared\Microsoft.NETCore.App\2.1.0-rc1\System.Diagnostics.Process.dll</ModulePath>
      <ModuleTime>2018-04-25T22:56:46Z</ModuleTime>
      <ModuleName>System.Diagnostics.Process</ModuleName>
      <Classes />
    </Module>
    <Module skippedDueTo="Filter" hash="81-72-86-46-2B-DF-8F-B8-4A-E1-02-79-E8-B1-E5-50-BB-41-21-AF">
      <ModulePath>c:\Program Files\dotnet\sdk\2.1.300-rc1-008673\Microsoft.DotNet.InternalAbstractions.dll</ModulePath>
      <ModuleTime>2018-04-27T15:38:08Z</ModuleTime>
      <ModuleName>Microsoft.DotNet.InternalAbstractions</ModuleName>
      <Classes />
    </Module>
    <Module skippedDueTo="Filter" hash="1B-16-06-89-C0-55-88-34-6B-98-E6-E3-EA-15-82-B4-3A-59-58-50">
      <ModulePath>c:\Program Files\dotnet\shared\Microsoft.NETCore.App\2.1.0-rc1\System.Linq.dll</ModulePath>
      <ModuleTime>2018-04-25T22:56:48Z</ModuleTime>
      <ModuleName>System.Linq</ModuleName>
      <Classes />
    </Module>
    <Module skippedDueTo="Filter" hash="8E-BC-03-42-9A-63-01-1D-4C-12-10-EB-1D-BE-89-A0-91-62-B1-F7">
      <ModulePath>c:\Program Files\dotnet\sdk\2.1.300-rc1-008673\NuGet.Frameworks.dll</ModulePath>
      <ModuleTime>2018-04-27T15:42:24Z</ModuleTime>
      <ModuleName>NuGet.Frameworks</ModuleName>
      <Classes />
    </Module>
    <Module skippedDueTo="Filter" hash="51-7F-7E-99-E3-AE-07-87-26-C5-BE-D2-1E-4E-AE-08-39-F5-A0-66">
      <ModulePath>c:\Program Files\dotnet\shared\Microsoft.NETCore.App\2.1.0-rc1\System.Console.dll</ModulePath>
      <ModuleTime>2018-04-25T22:56:46Z</ModuleTime>
      <ModuleName>System.Console</ModuleName>
      <Classes />
    </Module>
    <Module skippedDueTo="Filter" hash="DB-9A-BC-EE-E7-B4-0A-73-12-9E-B2-25-0E-1D-19-5E-0E-94-38-D5">
      <ModulePath>c:\Program Files\dotnet\shared\Microsoft.NETCore.App\2.1.0-rc1\System.IO.FileSystem.Primitives.dll</ModulePath>
      <ModuleTime>2018-04-25T22:56:48Z</ModuleTime>
      <ModuleName>System.IO.FileSystem.Primitives</ModuleName>
      <Classes />
    </Module>
    <Module skippedDueTo="Filter" hash="E7-25-7C-5F-97-67-17-1F-C6-29-C4-4D-AB-45-9D-30-47-BB-16-12">
      <ModulePath>c:\Program Files\dotnet\shared\Microsoft.NETCore.App\2.1.0-rc1\System.AppContext.dll</ModulePath>
      <ModuleTime>2018-04-25T22:56:46Z</ModuleTime>
      <ModuleName>System.AppContext</ModuleName>
      <Classes />
    </Module>
    <Module skippedDueTo="Filter" hash="9E-88-55-C2-46-F2-C5-11-31-B9-31-9F-05-51-DB-BB-22-BF-FB-B0">
      <ModulePath>c:\Program Files\dotnet\shared\Microsoft.NETCore.App\2.1.0-rc1\System.Memory.dll</ModulePath>
      <ModuleTime>2018-04-25T22:56:48Z</ModuleTime>
      <ModuleName>System.Memory</ModuleName>
      <Classes />
    </Module>
    <Module skippedDueTo="Filter" hash="87-F8-0E-0B-0C-C9-60-80-E9-E5-F6-2C-FB-52-0B-2D-7C-42-53-8E">
      <ModulePath>c:\Program Files\dotnet\shared\Microsoft.NETCore.App\2.1.0-rc1\System.IO.dll</ModulePath>
      <ModuleTime>2018-04-25T22:56:48Z</ModuleTime>
      <ModuleName>System.IO</ModuleName>
      <Classes />
    </Module>
    <Module skippedDueTo="Filter" hash="E4-22-56-F3-88-41-D7-3A-77-7F-63-47-AD-98-9C-49-48-5F-A7-DE">
      <ModulePath>c:\Program Files\dotnet\shared\Microsoft.NETCore.App\2.1.0-rc1\System.Text.Encoding.Extensions.dll</ModulePath>
      <ModuleTime>2018-04-25T22:56:50Z</ModuleTime>
      <ModuleName>System.Text.Encoding.Extensions</ModuleName>
      <Classes />
    </Module>
    <Module skippedDueTo="Filter" hash="D6-02-71-87-2B-85-BD-8C-D9-E5-B9-7B-07-97-C3-3F-61-B8-AF-7C">
      <ModulePath>c:\Program Files\dotnet\sdk\2.1.300-rc1-008673\Microsoft.ApplicationInsights.dll</ModulePath>
      <ModuleTime>2018-04-27T15:38:08Z</ModuleTime>
      <ModuleName>Microsoft.ApplicationInsights</ModuleName>
      <Classes />
    </Module>
    <Module skippedDueTo="Filter" hash="5B-BC-3B-D8-AC-2B-80-56-9A-BB-94-2F-9A-16-7A-F3-0F-AF-85-CE">
      <ModulePath>c:\Program Files\dotnet\shared\Microsoft.NETCore.App\2.1.0-rc1\System.Reflection.Extensions.dll</ModulePath>
      <ModuleTime>2018-04-25T22:56:50Z</ModuleTime>
      <ModuleName>System.Reflection.Extensions</ModuleName>
      <Classes />
    </Module>
    <Module skippedDueTo="Filter" hash="26-E4-A6-46-54-AF-FD-63-A8-95-C9-06-E4-39-01-E8-82-6C-B0-C2">
      <ModulePath>c:\Program Files\dotnet\shared\Microsoft.NETCore.App\2.1.0-rc1\System.Reflection.dll</ModulePath>
      <ModuleTime>2018-04-25T22:56:50Z</ModuleTime>
      <ModuleName>System.Reflection</ModuleName>
      <Classes />
    </Module>
    <Module skippedDueTo="Filter" hash="4D-08-69-C5-86-54-F0-88-3E-C9-ED-69-01-00-A6-FA-82-47-D2-7A">
      <ModulePath>c:\Program Files\dotnet\shared\Microsoft.NETCore.App\2.1.0-rc1\System.Xml.XDocument.dll</ModulePath>
      <ModuleTime>2018-04-25T22:56:50Z</ModuleTime>
      <ModuleName>System.Xml.XDocument</ModuleName>
      <Classes />
    </Module>
    <Module skippedDueTo="Filter" hash="F2-31-E4-70-A6-41-08-41-DE-3A-11-59-81-AC-B2-E8-4D-49-19-6A">
      <ModulePath>c:\Program Files\dotnet\shared\Microsoft.NETCore.App\2.1.0-rc1\System.Security.Cryptography.Algorithms.dll</ModulePath>
      <ModuleTime>2018-04-25T22:56:50Z</ModuleTime>
      <ModuleName>System.Security.Cryptography.Algorithms</ModuleName>
      <Classes />
    </Module>
    <Module skippedDueTo="Filter" hash="FE-36-AC-BC-D4-12-0F-60-9A-48-53-6F-05-16-C0-1F-79-99-90-23">
      <ModulePath>c:\Program Files\dotnet\shared\Microsoft.NETCore.App\2.1.0-rc1\System.Private.Xml.Linq.dll</ModulePath>
      <ModuleTime>2018-04-25T22:56:48Z</ModuleTime>
      <ModuleName>System.Private.Xml.Linq</ModuleName>
      <Classes />
    </Module>
    <Module skippedDueTo="Filter" hash="91-CC-DD-94-39-BF-41-99-A6-8C-C7-EE-80-C0-CC-B0-2A-7F-7C-AB">
      <ModulePath>c:\Program Files\dotnet\shared\Microsoft.NETCore.App\2.1.0-rc1\System.Security.Cryptography.Primitives.dll</ModulePath>
      <ModuleTime>2018-04-25T22:56:50Z</ModuleTime>
      <ModuleName>System.Security.Cryptography.Primitives</ModuleName>
      <Classes />
    </Module>
    <Module skippedDueTo="Filter" hash="95-99-73-6D-9C-47-C5-D9-DD-D6-79-31-8D-13-D6-E4-DA-19-31-43">
      <ModulePath>c:\Program Files\dotnet\shared\Microsoft.NETCore.App\2.1.0-rc1\System.Private.Xml.dll</ModulePath>
      <ModuleTime>2018-04-25T22:56:48Z</ModuleTime>
      <ModuleName>System.Private.Xml</ModuleName>
      <Classes />
    </Module>
    <Module skippedDueTo="Filter" hash="3F-2C-E4-14-EE-20-82-4F-25-57-7C-3D-4A-6A-A0-DA-8C-72-F3-05">
      <ModulePath>c:\Program Files\dotnet\shared\Microsoft.NETCore.App\2.1.0-rc1\System.Xml.ReaderWriter.dll</ModulePath>
      <ModuleTime>2018-04-25T22:56:50Z</ModuleTime>
      <ModuleName>System.Xml.ReaderWriter</ModuleName>
      <Classes />
    </Module>
    <Module skippedDueTo="Filter" hash="32-A8-0B-47-46-EE-C8-64-36-AE-45-E7-27-1E-86-6B-49-F8-57-34">
      <ModulePath>c:\Program Files\dotnet\sdk\2.1.300-rc1-008673\Microsoft.Build.dll</ModulePath>
      <ModuleTime>2018-04-27T15:38:10Z</ModuleTime>
      <ModuleName>Microsoft.Build</ModuleName>
      <Classes />
    </Module>
    <Module skippedDueTo="Filter" hash="04-63-07-0E-B6-1E-A1-D0-FF-35-71-2B-B0-B5-56-65-EF-59-B7-50">
      <ModulePath>c:\Program Files\dotnet\shared\Microsoft.NETCore.App\2.1.0-rc1\System.Diagnostics.Tracing.dll</ModulePath>
      <ModuleTime>2018-04-25T22:56:48Z</ModuleTime>
      <ModuleName>System.Diagnostics.Tracing</ModuleName>
      <Classes />
    </Module>
    <Module skippedDueTo="Filter" hash="29-04-E0-E3-70-7B-63-C9-CA-92-B2-39-48-5D-4D-6B-D4-3A-34-5A">
      <ModulePath>c:\Program Files\dotnet\shared\Microsoft.NETCore.App\2.1.0-rc1\System.Resources.ResourceManager.dll</ModulePath>
      <ModuleTime>2018-04-25T22:56:50Z</ModuleTime>
      <ModuleName>System.Resources.ResourceManager</ModuleName>
      <Classes />
    </Module>
    <Module skippedDueTo="Filter" hash="DA-2D-1E-04-BA-1F-5F-31-75-DD-9C-54-00-E9-F3-E4-41-93-CE-AE">
      <ModulePath>c:\Program Files\dotnet\shared\Microsoft.NETCore.App\2.1.0-rc1\System.Private.Uri.dll</ModulePath>
      <ModuleTime>2018-04-25T22:56:48Z</ModuleTime>
      <ModuleName>System.Private.Uri</ModuleName>
      <Classes />
    </Module>
    <Module skippedDueTo="Filter" hash="75-2F-57-19-77-97-02-FA-FC-56-8B-B8-E9-26-AD-E8-C6-BB-7C-E2">
      <ModulePath>c:\Program Files\dotnet\shared\Microsoft.NETCore.App\2.1.0-rc1\System.Threading.Tasks.dll</ModulePath>
      <ModuleTime>2018-04-25T22:56:50Z</ModuleTime>
      <ModuleName>System.Threading.Tasks</ModuleName>
      <Classes />
    </Module>
    <Module skippedDueTo="Filter" hash="97-06-E9-DC-67-C5-08-F8-EE-27-E5-FD-20-9F-C5-6F-5C-BD-18-7D">
      <ModulePath>c:\Program Files\dotnet\shared\Microsoft.NETCore.App\2.1.0-rc1\System.Buffers.dll</ModulePath>
      <ModuleTime>2018-04-25T22:56:46Z</ModuleTime>
      <ModuleName>System.Buffers</ModuleName>
      <Classes />
    </Module>
    <Module skippedDueTo="Filter" hash="50-67-18-E4-19-4E-FB-4C-F5-49-22-DD-43-A9-67-01-9E-03-53-48">
      <ModulePath>c:\Program Files\dotnet\shared\Microsoft.NETCore.App\2.1.0-rc1\System.Globalization.dll</ModulePath>
      <ModuleTime>2018-04-25T22:56:48Z</ModuleTime>
      <ModuleName>System.Globalization</ModuleName>
      <Classes />
    </Module>
    <Module skippedDueTo="Filter" hash="78-77-53-93-8A-A0-4D-62-76-5F-54-E4-29-58-89-51-41-E0-16-31">
      <ModulePath>c:\Program Files\dotnet\sdk\2.1.300-rc1-008673\Microsoft.Build.Framework.dll</ModulePath>
      <ModuleTime>2018-04-27T15:38:08Z</ModuleTime>
      <ModuleName>Microsoft.Build.Framework</ModuleName>
      <Classes />
    </Module>
    <Module skippedDueTo="Filter" hash="95-40-41-34-71-BD-CC-B6-9D-1A-6B-E5-F3-FD-B0-B0-D9-E4-73-B8">
      <ModulePath>c:\Program Files\dotnet\shared\Microsoft.NETCore.App\2.1.0-rc1\System.Text.RegularExpressions.dll</ModulePath>
      <ModuleTime>2018-04-25T22:56:50Z</ModuleTime>
      <ModuleName>System.Text.RegularExpressions</ModuleName>
      <Classes />
    </Module>
    <Module skippedDueTo="Filter" hash="54-FC-EF-6C-82-11-4C-92-46-73-80-01-9A-D1-A4-07-B7-65-7C-B6">
      <ModulePath>c:\Program Files\dotnet\shared\Microsoft.NETCore.App\2.1.0-rc1\Microsoft.Win32.Registry.dll</ModulePath>
      <ModuleTime>2018-04-25T22:56:44Z</ModuleTime>
      <ModuleName>Microsoft.Win32.Registry</ModuleName>
      <Classes />
    </Module>
    <Module skippedDueTo="Filter" hash="0C-7A-C8-67-62-2F-44-EE-CF-99-C0-24-DB-2B-39-7F-2B-7C-44-F0">
      <ModulePath>c:\Program Files\dotnet\shared\Microsoft.NETCore.App\2.1.0-rc1\System.Diagnostics.Tools.dll</ModulePath>
      <ModuleTime>2018-04-25T22:56:48Z</ModuleTime>
      <ModuleName>System.Diagnostics.Tools</ModuleName>
      <Classes />
    </Module>
    <Module skippedDueTo="Filter" hash="56-81-02-94-BA-12-D7-5B-4C-7C-15-60-B5-2C-3E-DC-2F-FB-4B-30">
      <ModulePath>c:\Program Files\dotnet\shared\Microsoft.NETCore.App\2.1.0-rc1\System.Diagnostics.Debug.dll</ModulePath>
      <ModuleTime>2018-04-25T22:56:46Z</ModuleTime>
      <ModuleName>System.Diagnostics.Debug</ModuleName>
      <Classes />
    </Module>
    <Module skippedDueTo="Filter" hash="2A-39-8A-83-D5-7C-4B-6A-B9-A7-5B-6E-32-45-F9-22-77-F5-CC-38">
      <ModulePath>c:\Program Files\dotnet\shared\Microsoft.NETCore.App\2.1.0-rc1\System.Text.Encoding.dll</ModulePath>
      <ModuleTime>2018-04-25T22:56:50Z</ModuleTime>
      <ModuleName>System.Text.Encoding</ModuleName>
      <Classes />
    </Module>
    <Module skippedDueTo="Filter" hash="5C-F6-DF-DC-BF-A9-C8-0D-45-41-4A-79-B8-63-45-8E-1E-7D-DF-4B">
      <ModulePath>c:\Program Files\dotnet\shared\Microsoft.NETCore.App\2.1.0-rc1\System.IO.Compression.dll</ModulePath>
      <ModuleTime>2018-04-25T22:56:48Z</ModuleTime>
      <ModuleName>System.IO.Compression</ModuleName>
      <Classes />
    </Module>
    <Module skippedDueTo="Filter" hash="BA-34-D7-74-79-3B-EE-D2-D2-C1-47-2D-D1-57-50-3D-7F-DA-F3-E1">
      <ModulePath>c:\Program Files\dotnet\shared\Microsoft.NETCore.App\2.1.0-rc1\System.ComponentModel.Primitives.dll</ModulePath>
      <ModuleTime>2018-04-25T22:56:46Z</ModuleTime>
      <ModuleName>System.ComponentModel.Primitives</ModuleName>
      <Classes />
    </Module>
    <Module skippedDueTo="Filter" hash="24-CD-6D-A6-E7-14-9D-33-D7-AE-40-C9-34-0A-90-D6-F0-A4-DE-90">
      <ModulePath>c:\Program Files\dotnet\shared\Microsoft.NETCore.App\2.1.0-rc1\System.Net.Http.dll</ModulePath>
      <ModuleTime>2018-04-25T22:56:48Z</ModuleTime>
      <ModuleName>System.Net.Http</ModuleName>
      <Classes />
    </Module>
    <Module skippedDueTo="Filter" hash="1A-B0-89-38-FA-96-30-6B-3C-15-F4-57-2E-5E-63-F9-9C-1A-3C-2B">
      <ModulePath>c:\Program Files\dotnet\shared\Microsoft.NETCore.App\2.1.0-rc1\System.ObjectModel.dll</ModulePath>
      <ModuleTime>2018-04-25T22:56:48Z</ModuleTime>
      <ModuleName>System.ObjectModel</ModuleName>
      <Classes />
    </Module>
    <Module skippedDueTo="Filter" hash="86-AD-0E-39-93-91-13-7B-D7-D2-22-22-61-D7-EC-41-70-E2-32-51">
      <ModulePath>c:\Program Files\dotnet\shared\Microsoft.NETCore.App\2.1.0-rc1\System.Net.Primitives.dll</ModulePath>
      <ModuleTime>2018-04-25T22:56:48Z</ModuleTime>
      <ModuleName>System.Net.Primitives</ModuleName>
      <Classes />
    </Module>
    <Module skippedDueTo="Filter" hash="BA-96-FF-7D-18-DE-8E-A7-5A-21-1D-38-C3-A9-43-95-ED-A8-10-F3">
      <ModulePath>c:\Program Files\dotnet\shared\Microsoft.NETCore.App\2.1.0-rc1\System.Net.Security.dll</ModulePath>
      <ModuleTime>2018-04-25T22:56:48Z</ModuleTime>
      <ModuleName>System.Net.Security</ModuleName>
      <Classes />
    </Module>
    <Module skippedDueTo="Filter" hash="68-07-FF-DE-32-C8-B5-8C-44-61-0F-85-80-72-6B-0A-5E-9E-EA-D9">
      <ModulePath>c:\Program Files\dotnet\shared\Microsoft.NETCore.App\2.1.0-rc1\System.Security.Cryptography.X509Certificates.dll</ModulePath>
      <ModuleTime>2018-04-25T22:56:50Z</ModuleTime>
      <ModuleName>System.Security.Cryptography.X509Certificates</ModuleName>
      <Classes />
    </Module>
    <Module skippedDueTo="Filter" hash="C3-64-57-29-49-91-70-E2-0D-57-5C-40-2E-86-16-37-5B-54-FE-49">
      <ModulePath>c:\Program Files\dotnet\shared\Microsoft.NETCore.App\2.1.0-rc1\System.Diagnostics.DiagnosticSource.dll</ModulePath>
      <ModuleTime>2018-04-25T22:56:46Z</ModuleTime>
      <ModuleName>System.Diagnostics.DiagnosticSource</ModuleName>
      <Classes />
    </Module>
    <Module skippedDueTo="Filter" hash="9B-25-5E-CD-34-36-70-DB-75-20-26-00-EB-82-EB-C7-A2-B8-D1-2A">
      <ModulePath>c:\Program Files\dotnet\shared\Microsoft.NETCore.App\2.1.0-rc1\Microsoft.Win32.Primitives.dll</ModulePath>
      <ModuleTime>2018-04-25T22:56:44Z</ModuleTime>
      <ModuleName>Microsoft.Win32.Primitives</ModuleName>
      <Classes />
    </Module>
    <Module skippedDueTo="Filter" hash="3F-19-A2-46-27-8E-88-66-F0-A3-0B-86-2E-ED-3C-9A-16-A9-31-15">
      <ModulePath>c:\Program Files\dotnet\shared\Microsoft.NETCore.App\2.1.0-rc1\System.Collections.NonGeneric.dll</ModulePath>
      <ModuleTime>2018-04-25T22:56:46Z</ModuleTime>
      <ModuleName>System.Collections.NonGeneric</ModuleName>
      <Classes />
    </Module>
    <Module skippedDueTo="Filter" hash="4F-F9-FB-E3-F0-67-1E-55-ED-CC-B4-AE-AB-B1-78-6F-EB-95-0D-E8">
      <ModulePath>c:\Program Files\dotnet\shared\Microsoft.NETCore.App\2.1.0-rc1\System.Threading.Timer.dll</ModulePath>
      <ModuleTime>2018-04-25T22:56:50Z</ModuleTime>
      <ModuleName>System.Threading.Timer</ModuleName>
      <Classes />
    </Module>
    <Module skippedDueTo="Filter" hash="A3-37-E3-8F-C0-7C-60-16-98-BA-21-AA-04-70-31-67-AA-D3-C1-0A">
      <ModulePath>c:\Program Files\dotnet\shared\Microsoft.NETCore.App\2.1.0-rc1\System.Net.NetworkInformation.dll</ModulePath>
      <ModuleTime>2018-04-25T22:56:48Z</ModuleTime>
      <ModuleName>System.Net.NetworkInformation</ModuleName>
      <Classes />
    </Module>
    <Module skippedDueTo="Filter" hash="2E-85-51-87-2C-36-E9-77-91-67-2E-73-2A-41-84-A1-DC-73-93-A6">
      <ModulePath>c:\Program Files\dotnet\shared\Microsoft.NETCore.App\2.1.0-rc1\System.Diagnostics.TraceSource.dll</ModulePath>
      <ModuleTime>2018-04-25T22:56:48Z</ModuleTime>
      <ModuleName>System.Diagnostics.TraceSource</ModuleName>
      <Classes />
    </Module>
    <Module skippedDueTo="Filter" hash="22-ED-46-1B-4F-45-52-C8-26-4C-32-30-83-C4-77-90-99-DC-07-FA">
      <ModulePath>c:\Program Files\dotnet\shared\Microsoft.NETCore.App\2.1.0-rc1\System.Net.Sockets.dll</ModulePath>
      <ModuleTime>2018-04-25T22:56:48Z</ModuleTime>
      <ModuleName>System.Net.Sockets</ModuleName>
      <Classes />
    </Module>
    <Module skippedDueTo="Filter" hash="4F-BA-84-00-80-94-9F-33-6A-EA-63-88-D2-15-0C-40-B6-EB-EA-FF">
      <ModulePath>c:\Program Files\dotnet\shared\Microsoft.NETCore.App\2.1.0-rc1\System.Threading.Overlapped.dll</ModulePath>
      <ModuleTime>2018-04-25T22:56:50Z</ModuleTime>
      <ModuleName>System.Threading.Overlapped</ModuleName>
      <Classes />
    </Module>
    <Module skippedDueTo="Filter" hash="D9-B3-70-E6-D6-FD-34-95-2C-74-66-6E-53-32-C4-63-E2-1D-68-08">
      <ModulePath>c:\Program Files\dotnet\shared\Microsoft.NETCore.App\2.1.0-rc1\System.Net.NameResolution.dll</ModulePath>
      <ModuleTime>2018-04-25T22:56:48Z</ModuleTime>
      <ModuleName>System.Net.NameResolution</ModuleName>
      <Classes />
    </Module>
    <Module skippedDueTo="Filter" hash="DA-0A-E2-C1-F8-D5-4E-6D-70-0B-77-12-22-BD-F5-EC-6F-3F-A9-20">
      <ModulePath>c:\Program Files\dotnet\shared\Microsoft.NETCore.App\2.1.0-rc1\System.Threading.Tasks.Dataflow.dll</ModulePath>
      <ModuleTime>2018-04-25T22:56:50Z</ModuleTime>
      <ModuleName>System.Threading.Tasks.Dataflow</ModuleName>
      <Classes />
    </Module>
    <Module skippedDueTo="Filter" hash="7E-C3-C9-5C-95-B9-5D-82-91-16-82-FF-D8-52-6B-C2-A1-E3-C6-10">
      <ModulePath>c:\Program Files\dotnet\shared\Microsoft.NETCore.App\2.1.0-rc1\System.Security.Principal.Windows.dll</ModulePath>
      <ModuleTime>2018-04-25T22:56:50Z</ModuleTime>
      <ModuleName>System.Security.Principal.Windows</ModuleName>
      <Classes />
    </Module>
    <Module skippedDueTo="Filter" hash="A0-2B-19-46-9B-65-08-2F-7A-0F-8E-E8-4A-F5-4D-3E-8E-AA-0A-97">
      <ModulePath>c:\Program Files\dotnet\shared\Microsoft.NETCore.App\2.1.0-rc1\System.Security.Claims.dll</ModulePath>
      <ModuleTime>2018-04-25T22:56:50Z</ModuleTime>
      <ModuleName>System.Security.Claims</ModuleName>
      <Classes />
    </Module>
    <Module skippedDueTo="Filter" hash="A9-88-08-D4-00-0B-51-75-4D-A5-1B-73-8F-11-93-73-C1-1A-B8-61">
      <ModulePath>c:\Program Files\dotnet\shared\Microsoft.NETCore.App\2.1.0-rc1\System.Security.Principal.dll</ModulePath>
      <ModuleTime>2018-04-25T22:56:50Z</ModuleTime>
      <ModuleName>System.Security.Principal</ModuleName>
      <Classes />
    </Module>
    <Module skippedDueTo="Filter" hash="09-5D-C3-17-3F-C4-0D-CC-E0-59-AE-8B-D1-43-A4-A2-4D-CE-D4-10">
      <ModulePath>c:\Program Files\dotnet\sdk\2.1.300-rc1-008673\SdkResolvers\NuGet.MSBuildSdkResolver\NuGet.MSBuildSdkResolver.dll</ModulePath>
      <ModuleTime>2018-04-27T15:43:32Z</ModuleTime>
      <ModuleName>NuGet.MSBuildSdkResolver</ModuleName>
      <Classes />
    </Module>
    <Module skippedDueTo="Filter" hash="A8-AA-2B-45-9A-1E-37-ED-95-42-D2-13-F4-35-D5-77-6A-3F-9D-17">
      <ModulePath>c:\Program Files\dotnet\shared\Microsoft.NETCore.App\2.1.0-rc1\System.Diagnostics.FileVersionInfo.dll</ModulePath>
      <ModuleTime>2018-04-25T22:56:46Z</ModuleTime>
      <ModuleName>System.Diagnostics.FileVersionInfo</ModuleName>
      <Classes />
    </Module>
    <Module skippedDueTo="Filter" hash="BA-94-B7-24-D2-53-89-85-0F-09-73-C7-E9-53-47-4D-BB-6C-B3-A3">
      <ModulePath>c:\Program Files\dotnet\shared\Microsoft.NETCore.App\2.1.0-rc1\System.Security.Cryptography.Encoding.dll</ModulePath>
      <ModuleTime>2018-04-25T22:56:50Z</ModuleTime>
      <ModuleName>System.Security.Cryptography.Encoding</ModuleName>
      <Classes />
    </Module>
    <Module skippedDueTo="Filter" hash="45-5B-12-9C-F5-5F-DA-1A-48-0F-FE-B3-2E-89-A0-2D-2E-5E-8D-E6">
      <ModulePath>c:\Program Files\dotnet\shared\Microsoft.NETCore.App\2.1.0-rc1\System.Collections.Immutable.dll</ModulePath>
      <ModuleTime>2018-04-25T22:56:46Z</ModuleTime>
      <ModuleName>System.Collections.Immutable</ModuleName>
      <Classes />
    </Module>
    <Module skippedDueTo="Filter" hash="42-12-D5-D1-7E-B0-CA-9E-E4-93-5F-A8-65-9A-CA-63-F3-92-49-84">
      <ModulePath>c:\Program Files\dotnet\shared\Microsoft.NETCore.App\2.1.0-rc1\System.Reflection.Emit.ILGeneration.dll</ModulePath>
      <ModuleTime>2018-04-25T22:56:50Z</ModuleTime>
      <ModuleName>System.Reflection.Emit.ILGeneration</ModuleName>
      <Classes />
    </Module>
    <Module skippedDueTo="Filter" hash="83-F2-67-89-79-1B-1E-FC-6B-E3-DA-18-62-C9-68-A1-94-E4-0B-D4">
      <ModulePath>c:\Program Files\dotnet\shared\Microsoft.NETCore.App\2.1.0-rc1\System.Reflection.Emit.Lightweight.dll</ModulePath>
      <ModuleTime>2018-04-25T22:56:50Z</ModuleTime>
      <ModuleName>System.Reflection.Emit.Lightweight</ModuleName>
      <Classes />
    </Module>
    <Module skippedDueTo="Filter" hash="19-72-FE-67-21-91-E9-F8-A4-99-D0-77-A1-A6-A5-FA-BD-70-51-08">
      <ModulePath>c:\Program Files\dotnet\shared\Microsoft.NETCore.App\2.1.0-rc1\System.Threading.ThreadPool.dll</ModulePath>
      <ModuleTime>2018-04-25T22:56:50Z</ModuleTime>
      <ModuleName>System.Threading.ThreadPool</ModuleName>
      <Classes />
    </Module>
    <Module skippedDueTo="Filter" hash="D8-FE-B7-FE-29-9E-12-D5-44-2A-04-80-70-58-9F-B8-33-D5-CD-F8">
      <ModulePath>c:\Program Files\dotnet\shared\Microsoft.NETCore.App\2.1.0-rc1\System.Reflection.Primitives.dll</ModulePath>
      <ModuleTime>2018-04-25T22:56:50Z</ModuleTime>
      <ModuleName>System.Reflection.Primitives</ModuleName>
      <Classes />
    </Module>
    <Module skippedDueTo="Filter" hash="8B-9C-62-6C-91-78-21-99-45-13-F7-EF-9B-12-43-AA-1E-96-D3-E6">
      <ModulePath>c:\Program Files\dotnet\shared\Microsoft.NETCore.App\2.1.0-rc1\System.Threading.Tasks.Parallel.dll</ModulePath>
      <ModuleTime>2018-04-25T22:56:50Z</ModuleTime>
      <ModuleName>System.Threading.Tasks.Parallel</ModuleName>
      <Classes />
    </Module>
    <Module skippedDueTo="Filter" hash="0E-35-C3-0B-2B-70-AD-FD-AF-53-2E-1C-11-5E-84-FC-28-C3-A7-3F">
      <ModulePath>c:\Program Files\dotnet\sdk\2.1.300-rc1-008673\Microsoft.Build.Utilities.Core.dll</ModulePath>
      <ModuleTime>2018-04-27T15:38:08Z</ModuleTime>
      <ModuleName>Microsoft.Build.Utilities.Core</ModuleName>
      <Classes />
    </Module>
    <Module skippedDueTo="Filter" hash="6A-9F-A3-FC-8E-95-94-86-6D-FA-54-95-20-25-E3-A6-01-B8-06-8C">
      <ModulePath>c:\Program Files\dotnet\sdk\2.1.300-rc1-008673\NuGet.ProjectModel.dll</ModulePath>
      <ModuleTime>2018-04-27T15:42:14Z</ModuleTime>
      <ModuleName>NuGet.ProjectModel</ModuleName>
      <Classes />
    </Module>
    <Module skippedDueTo="Filter" hash="20-47-AD-03-BB-E0-E5-85-97-8E-34-18-22-3A-45-F0-03-81-67-83">
      <ModulePath>c:\Program Files\dotnet\sdk\2.1.300-rc1-008673\NuGet.Common.dll</ModulePath>
      <ModuleTime>2018-04-27T15:42:16Z</ModuleTime>
      <ModuleName>NuGet.Common</ModuleName>
      <Classes />
    </Module>
    <Module skippedDueTo="Filter" hash="FF-5A-5C-04-7F-00-FA-8C-4C-48-56-A9-04-A2-95-F3-5E-DD-BB-64">
      <ModulePath>c:\Program Files\dotnet\sdk\2.1.300-rc1-008673\Newtonsoft.Json.dll</ModulePath>
      <ModuleTime>2018-04-27T15:44:28Z</ModuleTime>
      <ModuleName>Newtonsoft.Json</ModuleName>
      <Classes />
    </Module>
    <Module skippedDueTo="Filter" hash="B9-F0-AB-E3-02-AD-E8-96-3B-E2-83-93-EE-5D-F4-36-34-01-4B-12">
      <ModulePath>c:\Program Files\dotnet\shared\Microsoft.NETCore.App\2.1.0-rc1\System.Dynamic.Runtime.dll</ModulePath>
      <ModuleTime>2018-04-25T22:56:48Z</ModuleTime>
      <ModuleName>System.Dynamic.Runtime</ModuleName>
      <Classes />
    </Module>
    <Module skippedDueTo="Filter" hash="03-C1-20-28-1D-9F-2E-6D-DC-80-2D-97-48-0F-C3-58-FF-1F-FB-07">
      <ModulePath>c:\Program Files\dotnet\shared\Microsoft.NETCore.App\2.1.0-rc1\System.Linq.Expressions.dll</ModulePath>
      <ModuleTime>2018-04-25T22:56:48Z</ModuleTime>
      <ModuleName>System.Linq.Expressions</ModuleName>
      <Classes />
    </Module>
    <Module skippedDueTo="Filter" hash="E5-84-A9-10-98-CB-12-71-6C-FB-D7-46-6A-01-22-FC-8A-78-E3-DC">
      <ModulePath>c:\Program Files\dotnet\sdk\2.1.300-rc1-008673\NuGet.Versioning.dll</ModulePath>
      <ModuleTime>2018-04-27T15:42:14Z</ModuleTime>
      <ModuleName>NuGet.Versioning</ModuleName>
      <Classes />
    </Module>
    <Module skippedDueTo="Filter" hash="0A-D0-C9-F6-78-CD-6B-F9-A1-D0-67-E4-81-BE-E7-5C-70-0D-B9-16">
      <ModulePath>c:\Program Files\dotnet\sdk\2.1.300-rc1-008673\NuGet.Packaging.Core.dll</ModulePath>
      <ModuleTime>2018-04-27T15:42:24Z</ModuleTime>
      <ModuleName>NuGet.Packaging.Core</ModuleName>
      <Classes />
    </Module>
    <Module skippedDueTo="Filter" hash="B0-DE-35-A3-16-06-1D-A2-E2-4F-B8-BF-C1-7B-9F-DD-13-CF-6A-5B">
      <ModulePath>c:\Program Files\dotnet\sdk\2.1.300-rc1-008673\NuGet.LibraryModel.dll</ModulePath>
      <ModuleTime>2018-04-27T15:42:14Z</ModuleTime>
      <ModuleName>NuGet.LibraryModel</ModuleName>
      <Classes />
    </Module>
    <Module skippedDueTo="Filter" hash="81-BD-65-91-31-77-0F-2F-3D-1C-E5-2D-5C-EF-D2-A4-EF-93-E3-5F">
      <ModulePath>c:\Program Files\dotnet\sdk\2.1.300-rc1-008673\NuGet.Packaging.dll</ModulePath>
      <ModuleTime>2018-04-27T15:42:14Z</ModuleTime>
      <ModuleName>NuGet.Packaging</ModuleName>
      <Classes />
    </Module>
    <Module skippedDueTo="Filter" hash="1E-50-32-73-36-AE-64-F3-34-80-86-DC-9E-D6-0C-4A-81-9E-56-E4">
      <ModulePath>c:\Program Files\dotnet\shared\Microsoft.NETCore.App\2.1.0-rc1\System.Runtime.Serialization.Primitives.dll</ModulePath>
      <ModuleTime>2018-04-25T22:56:50Z</ModuleTime>
      <ModuleName>System.Runtime.Serialization.Primitives</ModuleName>
      <Classes />
    </Module>
    <Module skippedDueTo="Filter" hash="13-EA-70-CC-F0-B3-21-08-76-61-64-E9-AA-29-20-F7-3B-8F-3C-C5">
      <ModulePath>c:\Program Files\dotnet\sdk\2.1.300-rc1-008673\NuGet.Configuration.dll</ModulePath>
      <ModuleTime>2018-04-27T15:42:34Z</ModuleTime>
      <ModuleName>NuGet.Configuration</ModuleName>
      <Classes />
    </Module>
    <Module skippedDueTo="Filter" hash="CB-5B-A6-B6-A0-10-6D-86-67-46-D2-09-EC-4D-F9-EB-88-FB-FA-C2">
      <ModulePath>c:\Program Files\dotnet\shared\Microsoft.NETCore.App\2.1.0-rc1\System.Private.CoreLib.dll</ModulePath>
      <ModuleTime>2018-04-25T22:56:50Z</ModuleTime>
      <ModuleName>System.Private.CoreLib</ModuleName>
      <Classes />
    </Module>
    <Module skippedDueTo="Filter" hash="4F-81-64-13-AE-C2-78-11-00-EC-F1-3A-26-8B-C8-A4-99-C3-F9-F8">
      <ModulePath>C:\Users\nauze\.nuget\packages\dotnet-xunit\2.3.1\lib\netcoreapp2.0\dotnet-xunit.dll</ModulePath>
      <ModuleTime>2017-10-27T04:34:14Z</ModuleTime>
      <ModuleName>dotnet-xunit</ModuleName>
      <Classes />
    </Module>
    <Module skippedDueTo="Filter" hash="A4-32-25-26-07-43-4F-A7-A8-64-66-C0-37-B2-11-28-98-E1-C1-D7">
      <ModulePath>c:\Program Files\dotnet\shared\Microsoft.NETCore.App\2.1.0-rc1\System.Runtime.dll</ModulePath>
      <ModuleTime>2018-04-25T22:56:50Z</ModuleTime>
      <ModuleName>System.Runtime</ModuleName>
      <Classes />
    </Module>
    <Module skippedDueTo="Filter" hash="09-5B-A1-C6-2E-26-1F-25-FE-6B-CA-44-30-C1-7E-42-1D-64-21-48">
      <ModulePath>c:\Program Files\dotnet\shared\Microsoft.NETCore.App\2.1.0-rc1\System.Collections.dll</ModulePath>
      <ModuleTime>2018-04-25T22:56:46Z</ModuleTime>
      <ModuleName>System.Collections</ModuleName>
      <Classes />
    </Module>
    <Module skippedDueTo="Filter" hash="51-7F-7E-99-E3-AE-07-87-26-C5-BE-D2-1E-4E-AE-08-39-F5-A0-66">
      <ModulePath>c:\Program Files\dotnet\shared\Microsoft.NETCore.App\2.1.0-rc1\System.Console.dll</ModulePath>
      <ModuleTime>2018-04-25T22:56:46Z</ModuleTime>
      <ModuleName>System.Console</ModuleName>
      <Classes />
    </Module>
    <Module skippedDueTo="Filter" hash="1B-16-06-89-C0-55-88-34-6B-98-E6-E3-EA-15-82-B4-3A-59-58-50">
      <ModulePath>c:\Program Files\dotnet\shared\Microsoft.NETCore.App\2.1.0-rc1\System.Linq.dll</ModulePath>
      <ModuleTime>2018-04-25T22:56:48Z</ModuleTime>
      <ModuleName>System.Linq</ModuleName>
      <Classes />
    </Module>
    <Module skippedDueTo="Filter" hash="3C-84-C1-CF-47-84-CA-23-EB-6A-DF-12-69-BC-F9-CD-ED-6D-1F-4A">
      <ModulePath>c:\Program Files\dotnet\shared\Microsoft.NETCore.App\2.1.0-rc1\System.IO.FileSystem.dll</ModulePath>
      <ModuleTime>2018-04-25T22:56:48Z</ModuleTime>
      <ModuleName>System.IO.FileSystem</ModuleName>
      <Classes />
    </Module>
    <Module skippedDueTo="Filter" hash="16-96-BF-C5-FE-A5-75-97-43-B9-40-18-25-2F-FC-DF-D4-A9-A7-99">
      <ModulePath>c:\Program Files\dotnet\shared\Microsoft.NETCore.App\2.1.0-rc1\System.Runtime.Extensions.dll</ModulePath>
      <ModuleTime>2018-04-25T22:56:50Z</ModuleTime>
      <ModuleName>System.Runtime.Extensions</ModuleName>
      <Classes />
    </Module>
    <Module skippedDueTo="Filter" hash="C9-D8-0A-25-67-43-50-DA-31-48-BA-1C-9A-82-57-82-92-AE-72-AC">
      <ModulePath>c:\Program Files\dotnet\shared\Microsoft.NETCore.App\2.1.0-rc1\System.Threading.dll</ModulePath>
      <ModuleTime>2018-04-25T22:56:50Z</ModuleTime>
      <ModuleName>System.Threading</ModuleName>
      <Classes />
    </Module>
    <Module skippedDueTo="Filter" hash="9E-88-55-C2-46-F2-C5-11-31-B9-31-9F-05-51-DB-BB-22-BF-FB-B0">
      <ModulePath>c:\Program Files\dotnet\shared\Microsoft.NETCore.App\2.1.0-rc1\System.Memory.dll</ModulePath>
      <ModuleTime>2018-04-25T22:56:48Z</ModuleTime>
      <ModuleName>System.Memory</ModuleName>
      <Classes />
    </Module>
    <Module skippedDueTo="Filter" hash="97-06-E9-DC-67-C5-08-F8-EE-27-E5-FD-20-9F-C5-6F-5C-BD-18-7D">
      <ModulePath>c:\Program Files\dotnet\shared\Microsoft.NETCore.App\2.1.0-rc1\System.Buffers.dll</ModulePath>
      <ModuleTime>2018-04-25T22:56:46Z</ModuleTime>
      <ModuleName>System.Buffers</ModuleName>
      <Classes />
    </Module>
    <Module skippedDueTo="Filter" hash="8C-17-21-E8-6A-90-24-74-42-A8-76-9A-C3-F1-9B-2B-DA-87-4A-8F">
      <ModulePath>c:\Program Files\dotnet\shared\Microsoft.NETCore.App\2.1.0-rc1\System.Runtime.InteropServices.dll</ModulePath>
      <ModuleTime>2018-04-25T22:56:50Z</ModuleTime>
      <ModuleName>System.Runtime.InteropServices</ModuleName>
      <Classes />
    </Module>
    <Module skippedDueTo="Filter" hash="49-0F-1C-E0-FE-E5-9D-F9-27-AA-0E-4F-5B-06-4D-B8-E0-D0-36-38">
      <ModulePath>c:\Program Files\dotnet\shared\Microsoft.NETCore.App\2.1.0-rc1\System.Diagnostics.Process.dll</ModulePath>
      <ModuleTime>2018-04-25T22:56:46Z</ModuleTime>
      <ModuleName>System.Diagnostics.Process</ModuleName>
      <Classes />
    </Module>
    <Module skippedDueTo="Filter" hash="BA-34-D7-74-79-3B-EE-D2-D2-C1-47-2D-D1-57-50-3D-7F-DA-F3-E1">
      <ModulePath>c:\Program Files\dotnet\shared\Microsoft.NETCore.App\2.1.0-rc1\System.ComponentModel.Primitives.dll</ModulePath>
      <ModuleTime>2018-04-25T22:56:46Z</ModuleTime>
      <ModuleName>System.ComponentModel.Primitives</ModuleName>
      <Classes />
    </Module>
    <Module skippedDueTo="Filter" hash="1A-28-8F-57-B8-9B-9B-D1-CD-C5-51-E6-F3-49-1C-49-4A-5B-39-3D">
      <ModulePath>c:\Program Files\dotnet\shared\Microsoft.NETCore.App\2.1.0-rc1\System.Runtime.InteropServices.RuntimeInformation.dll</ModulePath>
      <ModuleTime>2018-04-25T22:56:50Z</ModuleTime>
      <ModuleName>System.Runtime.InteropServices.RuntimeInformation</ModuleName>
      <Classes />
    </Module>
    <Module skippedDueTo="Filter" hash="E4-22-56-F3-88-41-D7-3A-77-7F-63-47-AD-98-9C-49-48-5F-A7-DE">
      <ModulePath>c:\Program Files\dotnet\shared\Microsoft.NETCore.App\2.1.0-rc1\System.Text.Encoding.Extensions.dll</ModulePath>
      <ModuleTime>2018-04-25T22:56:50Z</ModuleTime>
      <ModuleName>System.Text.Encoding.Extensions</ModuleName>
      <Classes />
    </Module>
    <Module skippedDueTo="Filter" hash="3F-19-A2-46-27-8E-88-66-F0-A3-0B-86-2E-ED-3C-9A-16-A9-31-15">
      <ModulePath>c:\Program Files\dotnet\shared\Microsoft.NETCore.App\2.1.0-rc1\System.Collections.NonGeneric.dll</ModulePath>
      <ModuleTime>2018-04-25T22:56:46Z</ModuleTime>
      <ModuleName>System.Collections.NonGeneric</ModuleName>
      <Classes />
    </Module>
    <Module skippedDueTo="Filter" hash="9B-25-5E-CD-34-36-70-DB-75-20-26-00-EB-82-EB-C7-A2-B8-D1-2A">
      <ModulePath>c:\Program Files\dotnet\shared\Microsoft.NETCore.App\2.1.0-rc1\Microsoft.Win32.Primitives.dll</ModulePath>
      <ModuleTime>2018-04-25T22:56:44Z</ModuleTime>
      <ModuleName>Microsoft.Win32.Primitives</ModuleName>
      <Classes />
    </Module>
    <Module skippedDueTo="Filter" hash="53-75-74-B9-1C-08-4C-A6-3C-D3-04-C3-FF-DD-3D-9E-4B-A9-75-03">
      <ModulePath>c:\Program Files\dotnet\shared\Microsoft.NETCore.App\2.1.0-rc1\System.Threading.Thread.dll</ModulePath>
      <ModuleTime>2018-04-25T22:56:50Z</ModuleTime>
      <ModuleName>System.Threading.Thread</ModuleName>
      <Classes />
    </Module>
    <Module skippedDueTo="Filter" hash="CB-5B-A6-B6-A0-10-6D-86-67-46-D2-09-EC-4D-F9-EB-88-FB-FA-C2">
      <ModulePath>c:\Program Files\dotnet\shared\Microsoft.NETCore.App\2.1.0-rc1\System.Private.CoreLib.dll</ModulePath>
      <ModuleTime>2018-04-25T22:56:50Z</ModuleTime>
      <ModuleName>System.Private.CoreLib</ModuleName>
      <Classes />
    </Module>
    <Module skippedDueTo="Filter" hash="E9-B3-E5-05-0E-43-0F-3A-96-D6-D4-A5-8F-53-A5-47-EE-C3-87-96">
      <ModulePath>c:\Program Files\dotnet\sdk\2.1.300-rc1-008673\dotnet.dll</ModulePath>
      <ModuleTime>2018-04-27T15:37:42Z</ModuleTime>
      <ModuleName>dotnet</ModuleName>
      <Classes />
    </Module>
    <Module skippedDueTo="Filter" hash="A4-32-25-26-07-43-4F-A7-A8-64-66-C0-37-B2-11-28-98-E1-C1-D7">
      <ModulePath>c:\Program Files\dotnet\shared\Microsoft.NETCore.App\2.1.0-rc1\System.Runtime.dll</ModulePath>
      <ModuleTime>2018-04-25T22:56:50Z</ModuleTime>
      <ModuleName>System.Runtime</ModuleName>
      <Classes />
    </Module>
    <Module skippedDueTo="Filter" hash="D7-1B-C5-69-47-11-FA-32-63-9A-AD-55-30-3C-2D-E2-C8-8A-47-CD">
      <ModulePath>c:\Program Files\dotnet\sdk\2.1.300-rc1-008673\Microsoft.DotNet.Cli.Utils.dll</ModulePath>
      <ModuleTime>2018-04-27T15:38:08Z</ModuleTime>
      <ModuleName>Microsoft.DotNet.Cli.Utils</ModuleName>
      <Classes />
    </Module>
    <Module skippedDueTo="Filter" hash="2C-65-E0-EE-16-EB-E9-52-6A-F5-1C-DE-2C-98-C1-77-46-40-C4-04">
      <ModulePath>c:\Program Files\dotnet\shared\Microsoft.NETCore.App\2.1.0-rc1\netstandard.dll</ModulePath>
      <ModuleTime>2018-04-25T22:56:50Z</ModuleTime>
      <ModuleName>netstandard</ModuleName>
      <Classes />
    </Module>
    <Module skippedDueTo="Filter" hash="16-96-BF-C5-FE-A5-75-97-43-B9-40-18-25-2F-FC-DF-D4-A9-A7-99">
      <ModulePath>c:\Program Files\dotnet\shared\Microsoft.NETCore.App\2.1.0-rc1\System.Runtime.Extensions.dll</ModulePath>
      <ModuleTime>2018-04-25T22:56:50Z</ModuleTime>
      <ModuleName>System.Runtime.Extensions</ModuleName>
      <Classes />
    </Module>
    <Module skippedDueTo="Filter" hash="85-AD-D1-1A-97-69-8F-33-18-71-4E-B4-83-0C-D1-87-CA-FE-7D-18">
      <ModulePath>c:\Program Files\dotnet\shared\Microsoft.NETCore.App\2.1.0-rc1\System.Runtime.Loader.dll</ModulePath>
      <ModuleTime>2018-04-25T22:56:50Z</ModuleTime>
      <ModuleName>System.Runtime.Loader</ModuleName>
      <Classes />
    </Module>
    <Module skippedDueTo="Filter" hash="6D-36-4C-42-29-84-44-B4-D8-F2-CB-CA-DE-4D-22-09-D7-B8-80-D3">
      <ModulePath>c:\Program Files\dotnet\sdk\2.1.300-rc1-008673\Microsoft.DotNet.PlatformAbstractions.dll</ModulePath>
      <ModuleTime>2018-04-27T15:38:48Z</ModuleTime>
      <ModuleName>Microsoft.DotNet.PlatformAbstractions</ModuleName>
      <Classes />
    </Module>
    <Module skippedDueTo="Filter" hash="1A-28-8F-57-B8-9B-9B-D1-CD-C5-51-E6-F3-49-1C-49-4A-5B-39-3D">
      <ModulePath>c:\Program Files\dotnet\shared\Microsoft.NETCore.App\2.1.0-rc1\System.Runtime.InteropServices.RuntimeInformation.dll</ModulePath>
      <ModuleTime>2018-04-25T22:56:50Z</ModuleTime>
      <ModuleName>System.Runtime.InteropServices.RuntimeInformation</ModuleName>
      <Classes />
    </Module>
    <Module skippedDueTo="Filter" hash="8C-17-21-E8-6A-90-24-74-42-A8-76-9A-C3-F1-9B-2B-DA-87-4A-8F">
      <ModulePath>c:\Program Files\dotnet\shared\Microsoft.NETCore.App\2.1.0-rc1\System.Runtime.InteropServices.dll</ModulePath>
      <ModuleTime>2018-04-25T22:56:50Z</ModuleTime>
      <ModuleName>System.Runtime.InteropServices</ModuleName>
      <Classes />
    </Module>
    <Module skippedDueTo="Filter" hash="3C-84-C1-CF-47-84-CA-23-EB-6A-DF-12-69-BC-F9-CD-ED-6D-1F-4A">
      <ModulePath>c:\Program Files\dotnet\shared\Microsoft.NETCore.App\2.1.0-rc1\System.IO.FileSystem.dll</ModulePath>
      <ModuleTime>2018-04-25T22:56:48Z</ModuleTime>
      <ModuleName>System.IO.FileSystem</ModuleName>
      <Classes />
    </Module>
    <Module skippedDueTo="Filter" hash="7E-B0-76-5A-6F-9F-CF-F3-40-08-78-95-A0-25-45-74-49-1E-24-0A">
      <ModulePath>c:\Program Files\dotnet\sdk\2.1.300-rc1-008673\runtimes\win\lib\netcoreapp2.0\System.Text.Encoding.CodePages.dll</ModulePath>
      <ModuleTime>2018-04-27T15:36:40Z</ModuleTime>
      <ModuleName>System.Text.Encoding.CodePages</ModuleName>
      <Classes />
    </Module>
    <Module skippedDueTo="Filter" hash="09-5B-A1-C6-2E-26-1F-25-FE-6B-CA-44-30-C1-7E-42-1D-64-21-48">
      <ModulePath>c:\Program Files\dotnet\shared\Microsoft.NETCore.App\2.1.0-rc1\System.Collections.dll</ModulePath>
      <ModuleTime>2018-04-25T22:56:46Z</ModuleTime>
      <ModuleName>System.Collections</ModuleName>
      <Classes />
    </Module>
    <Module skippedDueTo="Filter" hash="C9-D8-0A-25-67-43-50-DA-31-48-BA-1C-9A-82-57-82-92-AE-72-AC">
      <ModulePath>c:\Program Files\dotnet\shared\Microsoft.NETCore.App\2.1.0-rc1\System.Threading.dll</ModulePath>
      <ModuleTime>2018-04-25T22:56:50Z</ModuleTime>
      <ModuleName>System.Threading</ModuleName>
      <Classes />
    </Module>
    <Module skippedDueTo="Filter" hash="4F-46-6A-E0-FA-95-FB-C0-40-72-97-D6-75-FA-97-72-27-30-8A-3F">
      <ModulePath>c:\Program Files\dotnet\shared\Microsoft.NETCore.App\2.1.0-rc1\System.Collections.Concurrent.dll</ModulePath>
      <ModuleTime>2018-04-25T22:56:46Z</ModuleTime>
      <ModuleName>System.Collections.Concurrent</ModuleName>
      <Classes />
    </Module>
    <Module skippedDueTo="Filter" hash="53-75-74-B9-1C-08-4C-A6-3C-D3-04-C3-FF-DD-3D-9E-4B-A9-75-03">
      <ModulePath>c:\Program Files\dotnet\shared\Microsoft.NETCore.App\2.1.0-rc1\System.Threading.Thread.dll</ModulePath>
      <ModuleTime>2018-04-25T22:56:50Z</ModuleTime>
      <ModuleName>System.Threading.Thread</ModuleName>
      <Classes />
    </Module>
    <Module skippedDueTo="Filter" hash="0C-F1-CF-78-E0-E5-71-19-A5-13-25-5B-A3-E0-2A-10-73-92-2A-45">
      <ModulePath>c:\Program Files\dotnet\sdk\2.1.300-rc1-008673\Microsoft.DotNet.Configurer.dll</ModulePath>
      <ModuleTime>2018-04-27T15:38:08Z</ModuleTime>
      <ModuleName>Microsoft.DotNet.Configurer</ModuleName>
      <Classes />
    </Module>
    <Module skippedDueTo="Filter" hash="80-94-E0-E9-1F-5C-F9-6D-95-C4-86-1F-DF-C4-60-6A-3A-D3-08-C4">
      <ModulePath>c:\Program Files\dotnet\sdk\2.1.300-rc1-008673\Microsoft.DotNet.Cli.CommandLine.dll</ModulePath>
      <ModuleTime>2018-04-27T15:38:08Z</ModuleTime>
      <ModuleName>Microsoft.DotNet.Cli.CommandLine</ModuleName>
      <Classes />
    </Module>
    <Module skippedDueTo="Filter" hash="49-0F-1C-E0-FE-E5-9D-F9-27-AA-0E-4F-5B-06-4D-B8-E0-D0-36-38">
      <ModulePath>c:\Program Files\dotnet\shared\Microsoft.NETCore.App\2.1.0-rc1\System.Diagnostics.Process.dll</ModulePath>
      <ModuleTime>2018-04-25T22:56:46Z</ModuleTime>
      <ModuleName>System.Diagnostics.Process</ModuleName>
      <Classes />
    </Module>
    <Module skippedDueTo="Filter" hash="81-72-86-46-2B-DF-8F-B8-4A-E1-02-79-E8-B1-E5-50-BB-41-21-AF">
      <ModulePath>c:\Program Files\dotnet\sdk\2.1.300-rc1-008673\Microsoft.DotNet.InternalAbstractions.dll</ModulePath>
      <ModuleTime>2018-04-27T15:38:08Z</ModuleTime>
      <ModuleName>Microsoft.DotNet.InternalAbstractions</ModuleName>
      <Classes />
    </Module>
    <Module skippedDueTo="Filter" hash="1B-16-06-89-C0-55-88-34-6B-98-E6-E3-EA-15-82-B4-3A-59-58-50">
      <ModulePath>c:\Program Files\dotnet\shared\Microsoft.NETCore.App\2.1.0-rc1\System.Linq.dll</ModulePath>
      <ModuleTime>2018-04-25T22:56:48Z</ModuleTime>
      <ModuleName>System.Linq</ModuleName>
      <Classes />
    </Module>
    <Module skippedDueTo="Filter" hash="8E-BC-03-42-9A-63-01-1D-4C-12-10-EB-1D-BE-89-A0-91-62-B1-F7">
      <ModulePath>c:\Program Files\dotnet\sdk\2.1.300-rc1-008673\NuGet.Frameworks.dll</ModulePath>
      <ModuleTime>2018-04-27T15:42:24Z</ModuleTime>
      <ModuleName>NuGet.Frameworks</ModuleName>
      <Classes />
    </Module>
    <Module skippedDueTo="Filter" hash="51-7F-7E-99-E3-AE-07-87-26-C5-BE-D2-1E-4E-AE-08-39-F5-A0-66">
      <ModulePath>c:\Program Files\dotnet\shared\Microsoft.NETCore.App\2.1.0-rc1\System.Console.dll</ModulePath>
      <ModuleTime>2018-04-25T22:56:46Z</ModuleTime>
      <ModuleName>System.Console</ModuleName>
      <Classes />
    </Module>
    <Module skippedDueTo="Filter" hash="DB-9A-BC-EE-E7-B4-0A-73-12-9E-B2-25-0E-1D-19-5E-0E-94-38-D5">
      <ModulePath>c:\Program Files\dotnet\shared\Microsoft.NETCore.App\2.1.0-rc1\System.IO.FileSystem.Primitives.dll</ModulePath>
      <ModuleTime>2018-04-25T22:56:48Z</ModuleTime>
      <ModuleName>System.IO.FileSystem.Primitives</ModuleName>
      <Classes />
    </Module>
    <Module skippedDueTo="Filter" hash="E7-25-7C-5F-97-67-17-1F-C6-29-C4-4D-AB-45-9D-30-47-BB-16-12">
      <ModulePath>c:\Program Files\dotnet\shared\Microsoft.NETCore.App\2.1.0-rc1\System.AppContext.dll</ModulePath>
      <ModuleTime>2018-04-25T22:56:46Z</ModuleTime>
      <ModuleName>System.AppContext</ModuleName>
      <Classes />
    </Module>
    <Module skippedDueTo="Filter" hash="9E-88-55-C2-46-F2-C5-11-31-B9-31-9F-05-51-DB-BB-22-BF-FB-B0">
      <ModulePath>c:\Program Files\dotnet\shared\Microsoft.NETCore.App\2.1.0-rc1\System.Memory.dll</ModulePath>
      <ModuleTime>2018-04-25T22:56:48Z</ModuleTime>
      <ModuleName>System.Memory</ModuleName>
      <Classes />
    </Module>
    <Module skippedDueTo="Filter" hash="87-F8-0E-0B-0C-C9-60-80-E9-E5-F6-2C-FB-52-0B-2D-7C-42-53-8E">
      <ModulePath>c:\Program Files\dotnet\shared\Microsoft.NETCore.App\2.1.0-rc1\System.IO.dll</ModulePath>
      <ModuleTime>2018-04-25T22:56:48Z</ModuleTime>
      <ModuleName>System.IO</ModuleName>
      <Classes />
    </Module>
    <Module skippedDueTo="Filter" hash="E4-22-56-F3-88-41-D7-3A-77-7F-63-47-AD-98-9C-49-48-5F-A7-DE">
      <ModulePath>c:\Program Files\dotnet\shared\Microsoft.NETCore.App\2.1.0-rc1\System.Text.Encoding.Extensions.dll</ModulePath>
      <ModuleTime>2018-04-25T22:56:50Z</ModuleTime>
      <ModuleName>System.Text.Encoding.Extensions</ModuleName>
      <Classes />
    </Module>
    <Module skippedDueTo="Filter" hash="D6-02-71-87-2B-85-BD-8C-D9-E5-B9-7B-07-97-C3-3F-61-B8-AF-7C">
      <ModulePath>c:\Program Files\dotnet\sdk\2.1.300-rc1-008673\Microsoft.ApplicationInsights.dll</ModulePath>
      <ModuleTime>2018-04-27T15:38:08Z</ModuleTime>
      <ModuleName>Microsoft.ApplicationInsights</ModuleName>
      <Classes />
    </Module>
    <Module skippedDueTo="Filter" hash="5B-BC-3B-D8-AC-2B-80-56-9A-BB-94-2F-9A-16-7A-F3-0F-AF-85-CE">
      <ModulePath>c:\Program Files\dotnet\shared\Microsoft.NETCore.App\2.1.0-rc1\System.Reflection.Extensions.dll</ModulePath>
      <ModuleTime>2018-04-25T22:56:50Z</ModuleTime>
      <ModuleName>System.Reflection.Extensions</ModuleName>
      <Classes />
    </Module>
    <Module skippedDueTo="Filter" hash="26-E4-A6-46-54-AF-FD-63-A8-95-C9-06-E4-39-01-E8-82-6C-B0-C2">
      <ModulePath>c:\Program Files\dotnet\shared\Microsoft.NETCore.App\2.1.0-rc1\System.Reflection.dll</ModulePath>
      <ModuleTime>2018-04-25T22:56:50Z</ModuleTime>
      <ModuleName>System.Reflection</ModuleName>
      <Classes />
    </Module>
    <Module skippedDueTo="Filter" hash="4D-08-69-C5-86-54-F0-88-3E-C9-ED-69-01-00-A6-FA-82-47-D2-7A">
      <ModulePath>c:\Program Files\dotnet\shared\Microsoft.NETCore.App\2.1.0-rc1\System.Xml.XDocument.dll</ModulePath>
      <ModuleTime>2018-04-25T22:56:50Z</ModuleTime>
      <ModuleName>System.Xml.XDocument</ModuleName>
      <Classes />
    </Module>
    <Module skippedDueTo="Filter" hash="FE-36-AC-BC-D4-12-0F-60-9A-48-53-6F-05-16-C0-1F-79-99-90-23">
      <ModulePath>c:\Program Files\dotnet\shared\Microsoft.NETCore.App\2.1.0-rc1\System.Private.Xml.Linq.dll</ModulePath>
      <ModuleTime>2018-04-25T22:56:48Z</ModuleTime>
      <ModuleName>System.Private.Xml.Linq</ModuleName>
      <Classes />
    </Module>
    <Module skippedDueTo="Filter" hash="F2-31-E4-70-A6-41-08-41-DE-3A-11-59-81-AC-B2-E8-4D-49-19-6A">
      <ModulePath>c:\Program Files\dotnet\shared\Microsoft.NETCore.App\2.1.0-rc1\System.Security.Cryptography.Algorithms.dll</ModulePath>
      <ModuleTime>2018-04-25T22:56:50Z</ModuleTime>
      <ModuleName>System.Security.Cryptography.Algorithms</ModuleName>
      <Classes />
    </Module>
    <Module skippedDueTo="Filter" hash="91-CC-DD-94-39-BF-41-99-A6-8C-C7-EE-80-C0-CC-B0-2A-7F-7C-AB">
      <ModulePath>c:\Program Files\dotnet\shared\Microsoft.NETCore.App\2.1.0-rc1\System.Security.Cryptography.Primitives.dll</ModulePath>
      <ModuleTime>2018-04-25T22:56:50Z</ModuleTime>
      <ModuleName>System.Security.Cryptography.Primitives</ModuleName>
      <Classes />
    </Module>
    <Module skippedDueTo="Filter" hash="95-99-73-6D-9C-47-C5-D9-DD-D6-79-31-8D-13-D6-E4-DA-19-31-43">
      <ModulePath>c:\Program Files\dotnet\shared\Microsoft.NETCore.App\2.1.0-rc1\System.Private.Xml.dll</ModulePath>
      <ModuleTime>2018-04-25T22:56:48Z</ModuleTime>
      <ModuleName>System.Private.Xml</ModuleName>
      <Classes />
    </Module>
    <Module skippedDueTo="Filter" hash="95-40-41-34-71-BD-CC-B6-9D-1A-6B-E5-F3-FD-B0-B0-D9-E4-73-B8">
      <ModulePath>c:\Program Files\dotnet\shared\Microsoft.NETCore.App\2.1.0-rc1\System.Text.RegularExpressions.dll</ModulePath>
      <ModuleTime>2018-04-25T22:56:50Z</ModuleTime>
      <ModuleName>System.Text.RegularExpressions</ModuleName>
      <Classes />
    </Module>
    <Module skippedDueTo="Filter" hash="3F-2C-E4-14-EE-20-82-4F-25-57-7C-3D-4A-6A-A0-DA-8C-72-F3-05">
      <ModulePath>c:\Program Files\dotnet\shared\Microsoft.NETCore.App\2.1.0-rc1\System.Xml.ReaderWriter.dll</ModulePath>
      <ModuleTime>2018-04-25T22:56:50Z</ModuleTime>
      <ModuleName>System.Xml.ReaderWriter</ModuleName>
      <Classes />
    </Module>
    <Module skippedDueTo="Filter" hash="04-63-07-0E-B6-1E-A1-D0-FF-35-71-2B-B0-B5-56-65-EF-59-B7-50">
      <ModulePath>c:\Program Files\dotnet\shared\Microsoft.NETCore.App\2.1.0-rc1\System.Diagnostics.Tracing.dll</ModulePath>
      <ModuleTime>2018-04-25T22:56:48Z</ModuleTime>
      <ModuleName>System.Diagnostics.Tracing</ModuleName>
      <Classes />
    </Module>
    <Module skippedDueTo="Filter" hash="DA-2D-1E-04-BA-1F-5F-31-75-DD-9C-54-00-E9-F3-E4-41-93-CE-AE">
      <ModulePath>c:\Program Files\dotnet\shared\Microsoft.NETCore.App\2.1.0-rc1\System.Private.Uri.dll</ModulePath>
      <ModuleTime>2018-04-25T22:56:48Z</ModuleTime>
      <ModuleName>System.Private.Uri</ModuleName>
      <Classes />
    </Module>
    <Module skippedDueTo="Filter" hash="75-2F-57-19-77-97-02-FA-FC-56-8B-B8-E9-26-AD-E8-C6-BB-7C-E2">
      <ModulePath>c:\Program Files\dotnet\shared\Microsoft.NETCore.App\2.1.0-rc1\System.Threading.Tasks.dll</ModulePath>
      <ModuleTime>2018-04-25T22:56:50Z</ModuleTime>
      <ModuleName>System.Threading.Tasks</ModuleName>
      <Classes />
    </Module>
    <Module skippedDueTo="Filter" hash="50-67-18-E4-19-4E-FB-4C-F5-49-22-DD-43-A9-67-01-9E-03-53-48">
      <ModulePath>c:\Program Files\dotnet\shared\Microsoft.NETCore.App\2.1.0-rc1\System.Globalization.dll</ModulePath>
      <ModuleTime>2018-04-25T22:56:48Z</ModuleTime>
      <ModuleName>System.Globalization</ModuleName>
      <Classes />
    </Module>
    <Module skippedDueTo="Filter" hash="97-06-E9-DC-67-C5-08-F8-EE-27-E5-FD-20-9F-C5-6F-5C-BD-18-7D">
      <ModulePath>c:\Program Files\dotnet\shared\Microsoft.NETCore.App\2.1.0-rc1\System.Buffers.dll</ModulePath>
      <ModuleTime>2018-04-25T22:56:46Z</ModuleTime>
      <ModuleName>System.Buffers</ModuleName>
      <Classes />
    </Module>
    <Module skippedDueTo="Filter" hash="42-12-D5-D1-7E-B0-CA-9E-E4-93-5F-A8-65-9A-CA-63-F3-92-49-84">
      <ModulePath>c:\Program Files\dotnet\shared\Microsoft.NETCore.App\2.1.0-rc1\System.Reflection.Emit.ILGeneration.dll</ModulePath>
      <ModuleTime>2018-04-25T22:56:50Z</ModuleTime>
      <ModuleName>System.Reflection.Emit.ILGeneration</ModuleName>
      <Classes />
    </Module>
    <Module skippedDueTo="Filter" hash="83-F2-67-89-79-1B-1E-FC-6B-E3-DA-18-62-C9-68-A1-94-E4-0B-D4">
      <ModulePath>c:\Program Files\dotnet\shared\Microsoft.NETCore.App\2.1.0-rc1\System.Reflection.Emit.Lightweight.dll</ModulePath>
      <ModuleTime>2018-04-25T22:56:50Z</ModuleTime>
      <ModuleName>System.Reflection.Emit.Lightweight</ModuleName>
      <Classes />
    </Module>
    <Module skippedDueTo="Filter" hash="D8-FE-B7-FE-29-9E-12-D5-44-2A-04-80-70-58-9F-B8-33-D5-CD-F8">
      <ModulePath>c:\Program Files\dotnet\shared\Microsoft.NETCore.App\2.1.0-rc1\System.Reflection.Primitives.dll</ModulePath>
      <ModuleTime>2018-04-25T22:56:50Z</ModuleTime>
      <ModuleName>System.Reflection.Primitives</ModuleName>
      <Classes />
    </Module>
    <Module skippedDueTo="Filter" hash="29-04-E0-E3-70-7B-63-C9-CA-92-B2-39-48-5D-4D-6B-D4-3A-34-5A">
      <ModulePath>c:\Program Files\dotnet\shared\Microsoft.NETCore.App\2.1.0-rc1\System.Resources.ResourceManager.dll</ModulePath>
      <ModuleTime>2018-04-25T22:56:50Z</ModuleTime>
      <ModuleName>System.Resources.ResourceManager</ModuleName>
      <Classes />
    </Module>
    <Module skippedDueTo="Filter" hash="54-FC-EF-6C-82-11-4C-92-46-73-80-01-9A-D1-A4-07-B7-65-7C-B6">
      <ModulePath>c:\Program Files\dotnet\shared\Microsoft.NETCore.App\2.1.0-rc1\Microsoft.Win32.Registry.dll</ModulePath>
      <ModuleTime>2018-04-25T22:56:44Z</ModuleTime>
      <ModuleName>Microsoft.Win32.Registry</ModuleName>
      <Classes />
    </Module>
    <Module skippedDueTo="Filter" hash="0C-7A-C8-67-62-2F-44-EE-CF-99-C0-24-DB-2B-39-7F-2B-7C-44-F0">
      <ModulePath>c:\Program Files\dotnet\shared\Microsoft.NETCore.App\2.1.0-rc1\System.Diagnostics.Tools.dll</ModulePath>
      <ModuleTime>2018-04-25T22:56:48Z</ModuleTime>
      <ModuleName>System.Diagnostics.Tools</ModuleName>
      <Classes />
    </Module>
    <Module skippedDueTo="Filter" hash="56-81-02-94-BA-12-D7-5B-4C-7C-15-60-B5-2C-3E-DC-2F-FB-4B-30">
      <ModulePath>c:\Program Files\dotnet\shared\Microsoft.NETCore.App\2.1.0-rc1\System.Diagnostics.Debug.dll</ModulePath>
      <ModuleTime>2018-04-25T22:56:46Z</ModuleTime>
      <ModuleName>System.Diagnostics.Debug</ModuleName>
      <Classes />
    </Module>
    <Module skippedDueTo="Filter" hash="2A-39-8A-83-D5-7C-4B-6A-B9-A7-5B-6E-32-45-F9-22-77-F5-CC-38">
      <ModulePath>c:\Program Files\dotnet\shared\Microsoft.NETCore.App\2.1.0-rc1\System.Text.Encoding.dll</ModulePath>
      <ModuleTime>2018-04-25T22:56:50Z</ModuleTime>
      <ModuleName>System.Text.Encoding</ModuleName>
      <Classes />
    </Module>
    <Module skippedDueTo="Filter" hash="5C-F6-DF-DC-BF-A9-C8-0D-45-41-4A-79-B8-63-45-8E-1E-7D-DF-4B">
      <ModulePath>c:\Program Files\dotnet\shared\Microsoft.NETCore.App\2.1.0-rc1\System.IO.Compression.dll</ModulePath>
      <ModuleTime>2018-04-25T22:56:48Z</ModuleTime>
      <ModuleName>System.IO.Compression</ModuleName>
      <Classes />
    </Module>
    <Module skippedDueTo="Filter" hash="78-77-53-93-8A-A0-4D-62-76-5F-54-E4-29-58-89-51-41-E0-16-31">
      <ModulePath>c:\Program Files\dotnet\sdk\2.1.300-rc1-008673\Microsoft.Build.Framework.dll</ModulePath>
      <ModuleTime>2018-04-27T15:38:08Z</ModuleTime>
      <ModuleName>Microsoft.Build.Framework</ModuleName>
      <Classes />
    </Module>
    <Module skippedDueTo="Filter" hash="BA-34-D7-74-79-3B-EE-D2-D2-C1-47-2D-D1-57-50-3D-7F-DA-F3-E1">
      <ModulePath>c:\Program Files\dotnet\shared\Microsoft.NETCore.App\2.1.0-rc1\System.ComponentModel.Primitives.dll</ModulePath>
      <ModuleTime>2018-04-25T22:56:46Z</ModuleTime>
      <ModuleName>System.ComponentModel.Primitives</ModuleName>
      <Classes />
    </Module>
    <Module skippedDueTo="Filter" hash="9B-25-5E-CD-34-36-70-DB-75-20-26-00-EB-82-EB-C7-A2-B8-D1-2A">
      <ModulePath>c:\Program Files\dotnet\shared\Microsoft.NETCore.App\2.1.0-rc1\Microsoft.Win32.Primitives.dll</ModulePath>
      <ModuleTime>2018-04-25T22:56:44Z</ModuleTime>
      <ModuleName>Microsoft.Win32.Primitives</ModuleName>
      <Classes />
    </Module>
    <Module skippedDueTo="Filter" hash="24-CD-6D-A6-E7-14-9D-33-D7-AE-40-C9-34-0A-90-D6-F0-A4-DE-90">
      <ModulePath>c:\Program Files\dotnet\shared\Microsoft.NETCore.App\2.1.0-rc1\System.Net.Http.dll</ModulePath>
      <ModuleTime>2018-04-25T22:56:48Z</ModuleTime>
      <ModuleName>System.Net.Http</ModuleName>
      <Classes />
    </Module>
    <Module skippedDueTo="Filter" hash="86-AD-0E-39-93-91-13-7B-D7-D2-22-22-61-D7-EC-41-70-E2-32-51">
      <ModulePath>c:\Program Files\dotnet\shared\Microsoft.NETCore.App\2.1.0-rc1\System.Net.Primitives.dll</ModulePath>
      <ModuleTime>2018-04-25T22:56:48Z</ModuleTime>
      <ModuleName>System.Net.Primitives</ModuleName>
      <Classes />
    </Module>
    <Module skippedDueTo="Filter" hash="BA-96-FF-7D-18-DE-8E-A7-5A-21-1D-38-C3-A9-43-95-ED-A8-10-F3">
      <ModulePath>c:\Program Files\dotnet\shared\Microsoft.NETCore.App\2.1.0-rc1\System.Net.Security.dll</ModulePath>
      <ModuleTime>2018-04-25T22:56:48Z</ModuleTime>
      <ModuleName>System.Net.Security</ModuleName>
      <Classes />
    </Module>
    <Module skippedDueTo="Filter" hash="68-07-FF-DE-32-C8-B5-8C-44-61-0F-85-80-72-6B-0A-5E-9E-EA-D9">
      <ModulePath>c:\Program Files\dotnet\shared\Microsoft.NETCore.App\2.1.0-rc1\System.Security.Cryptography.X509Certificates.dll</ModulePath>
      <ModuleTime>2018-04-25T22:56:50Z</ModuleTime>
      <ModuleName>System.Security.Cryptography.X509Certificates</ModuleName>
      <Classes />
    </Module>
    <Module skippedDueTo="Filter" hash="C3-64-57-29-49-91-70-E2-0D-57-5C-40-2E-86-16-37-5B-54-FE-49">
      <ModulePath>c:\Program Files\dotnet\shared\Microsoft.NETCore.App\2.1.0-rc1\System.Diagnostics.DiagnosticSource.dll</ModulePath>
      <ModuleTime>2018-04-25T22:56:46Z</ModuleTime>
      <ModuleName>System.Diagnostics.DiagnosticSource</ModuleName>
      <Classes />
    </Module>
    <Module skippedDueTo="Filter" hash="3F-19-A2-46-27-8E-88-66-F0-A3-0B-86-2E-ED-3C-9A-16-A9-31-15">
      <ModulePath>c:\Program Files\dotnet\shared\Microsoft.NETCore.App\2.1.0-rc1\System.Collections.NonGeneric.dll</ModulePath>
      <ModuleTime>2018-04-25T22:56:46Z</ModuleTime>
      <ModuleName>System.Collections.NonGeneric</ModuleName>
      <Classes />
    </Module>
    <Module skippedDueTo="Filter" hash="4F-F9-FB-E3-F0-67-1E-55-ED-CC-B4-AE-AB-B1-78-6F-EB-95-0D-E8">
      <ModulePath>c:\Program Files\dotnet\shared\Microsoft.NETCore.App\2.1.0-rc1\System.Threading.Timer.dll</ModulePath>
      <ModuleTime>2018-04-25T22:56:50Z</ModuleTime>
      <ModuleName>System.Threading.Timer</ModuleName>
      <Classes />
    </Module>
    <Module skippedDueTo="Filter" hash="A3-37-E3-8F-C0-7C-60-16-98-BA-21-AA-04-70-31-67-AA-D3-C1-0A">
      <ModulePath>c:\Program Files\dotnet\shared\Microsoft.NETCore.App\2.1.0-rc1\System.Net.NetworkInformation.dll</ModulePath>
      <ModuleTime>2018-04-25T22:56:48Z</ModuleTime>
      <ModuleName>System.Net.NetworkInformation</ModuleName>
      <Classes />
    </Module>
    <Module skippedDueTo="Filter" hash="22-ED-46-1B-4F-45-52-C8-26-4C-32-30-83-C4-77-90-99-DC-07-FA">
      <ModulePath>c:\Program Files\dotnet\shared\Microsoft.NETCore.App\2.1.0-rc1\System.Net.Sockets.dll</ModulePath>
      <ModuleTime>2018-04-25T22:56:48Z</ModuleTime>
      <ModuleName>System.Net.Sockets</ModuleName>
      <Classes />
    </Module>
    <Module skippedDueTo="Filter" hash="4F-BA-84-00-80-94-9F-33-6A-EA-63-88-D2-15-0C-40-B6-EB-EA-FF">
      <ModulePath>c:\Program Files\dotnet\shared\Microsoft.NETCore.App\2.1.0-rc1\System.Threading.Overlapped.dll</ModulePath>
      <ModuleTime>2018-04-25T22:56:50Z</ModuleTime>
      <ModuleName>System.Threading.Overlapped</ModuleName>
      <Classes />
    </Module>
    <Module skippedDueTo="Filter" hash="D9-B3-70-E6-D6-FD-34-95-2C-74-66-6E-53-32-C4-63-E2-1D-68-08">
      <ModulePath>c:\Program Files\dotnet\shared\Microsoft.NETCore.App\2.1.0-rc1\System.Net.NameResolution.dll</ModulePath>
      <ModuleTime>2018-04-25T22:56:48Z</ModuleTime>
      <ModuleName>System.Net.NameResolution</ModuleName>
      <Classes />
    </Module>
    <Module skippedDueTo="Filter" hash="7E-C3-C9-5C-95-B9-5D-82-91-16-82-FF-D8-52-6B-C2-A1-E3-C6-10">
      <ModulePath>c:\Program Files\dotnet\shared\Microsoft.NETCore.App\2.1.0-rc1\System.Security.Principal.Windows.dll</ModulePath>
      <ModuleTime>2018-04-25T22:56:50Z</ModuleTime>
      <ModuleName>System.Security.Principal.Windows</ModuleName>
      <Classes />
    </Module>
    <Module skippedDueTo="Filter" hash="A0-2B-19-46-9B-65-08-2F-7A-0F-8E-E8-4A-F5-4D-3E-8E-AA-0A-97">
      <ModulePath>c:\Program Files\dotnet\shared\Microsoft.NETCore.App\2.1.0-rc1\System.Security.Claims.dll</ModulePath>
      <ModuleTime>2018-04-25T22:56:50Z</ModuleTime>
      <ModuleName>System.Security.Claims</ModuleName>
      <Classes />
    </Module>
    <Module skippedDueTo="Filter" hash="A9-88-08-D4-00-0B-51-75-4D-A5-1B-73-8F-11-93-73-C1-1A-B8-61">
      <ModulePath>c:\Program Files\dotnet\shared\Microsoft.NETCore.App\2.1.0-rc1\System.Security.Principal.dll</ModulePath>
      <ModuleTime>2018-04-25T22:56:50Z</ModuleTime>
      <ModuleName>System.Security.Principal</ModuleName>
      <Classes />
    </Module>
    <Module skippedDueTo="Filter" hash="BA-94-B7-24-D2-53-89-85-0F-09-73-C7-E9-53-47-4D-BB-6C-B3-A3">
      <ModulePath>c:\Program Files\dotnet\shared\Microsoft.NETCore.App\2.1.0-rc1\System.Security.Cryptography.Encoding.dll</ModulePath>
      <ModuleTime>2018-04-25T22:56:50Z</ModuleTime>
      <ModuleName>System.Security.Cryptography.Encoding</ModuleName>
      <Classes />
    </Module>
    <Module skippedDueTo="Filter" hash="19-72-FE-67-21-91-E9-F8-A4-99-D0-77-A1-A6-A5-FA-BD-70-51-08">
      <ModulePath>c:\Program Files\dotnet\shared\Microsoft.NETCore.App\2.1.0-rc1\System.Threading.ThreadPool.dll</ModulePath>
      <ModuleTime>2018-04-25T22:56:50Z</ModuleTime>
      <ModuleName>System.Threading.ThreadPool</ModuleName>
      <Classes />
    </Module>
    <Module skippedDueTo="Filter" hash="0F-10-80-E2-D9-BE-40-9F-A2-46-58-E7-78-FA-6C-12-B2-42-35-15">
      <ModulePath>c:\Program Files\dotnet\shared\Microsoft.NETCore.App\2.1.0-rc1\System.ComponentModel.dll</ModulePath>
      <ModuleTime>2018-04-25T22:56:46Z</ModuleTime>
      <ModuleName>System.ComponentModel</ModuleName>
      <Classes />
    </Module>
    <Module skippedDueTo="Filter" hash="CB-5B-A6-B6-A0-10-6D-86-67-46-D2-09-EC-4D-F9-EB-88-FB-FA-C2">
      <ModulePath>c:\Program Files\dotnet\shared\Microsoft.NETCore.App\2.1.0-rc1\System.Private.CoreLib.dll</ModulePath>
      <ModuleTime>2018-04-25T22:56:50Z</ModuleTime>
      <ModuleName>System.Private.CoreLib</ModuleName>
      <Classes />
    </Module>
    <Module skippedDueTo="Filter" hash="F8-B8-1B-B2-5D-54-EA-20-01-96-5D-84-33-13-AA-80-9B-81-11-67">
      <ModulePath>c:\Program Files\dotnet\sdk\2.1.300-rc1-008673\MSBuild.dll</ModulePath>
      <ModuleTime>2018-04-27T15:44:42Z</ModuleTime>
      <ModuleName>MSBuild</ModuleName>
      <Classes />
    </Module>
    <Module skippedDueTo="Filter" hash="A4-32-25-26-07-43-4F-A7-A8-64-66-C0-37-B2-11-28-98-E1-C1-D7">
      <ModulePath>c:\Program Files\dotnet\shared\Microsoft.NETCore.App\2.1.0-rc1\System.Runtime.dll</ModulePath>
      <ModuleTime>2018-04-25T22:56:50Z</ModuleTime>
      <ModuleName>System.Runtime</ModuleName>
      <Classes />
    </Module>
    <Module skippedDueTo="Filter" hash="16-96-BF-C5-FE-A5-75-97-43-B9-40-18-25-2F-FC-DF-D4-A9-A7-99">
      <ModulePath>c:\Program Files\dotnet\shared\Microsoft.NETCore.App\2.1.0-rc1\System.Runtime.Extensions.dll</ModulePath>
      <ModuleTime>2018-04-25T22:56:50Z</ModuleTime>
      <ModuleName>System.Runtime.Extensions</ModuleName>
      <Classes />
    </Module>
    <Module skippedDueTo="Filter" hash="C9-D8-0A-25-67-43-50-DA-31-48-BA-1C-9A-82-57-82-92-AE-72-AC">
      <ModulePath>c:\Program Files\dotnet\shared\Microsoft.NETCore.App\2.1.0-rc1\System.Threading.dll</ModulePath>
      <ModuleTime>2018-04-25T22:56:50Z</ModuleTime>
      <ModuleName>System.Threading</ModuleName>
      <Classes />
    </Module>
    <Module skippedDueTo="Filter" hash="3C-84-C1-CF-47-84-CA-23-EB-6A-DF-12-69-BC-F9-CD-ED-6D-1F-4A">
      <ModulePath>c:\Program Files\dotnet\shared\Microsoft.NETCore.App\2.1.0-rc1\System.IO.FileSystem.dll</ModulePath>
      <ModuleTime>2018-04-25T22:56:48Z</ModuleTime>
      <ModuleName>System.IO.FileSystem</ModuleName>
      <Classes />
    </Module>
    <Module skippedDueTo="Filter" hash="8C-17-21-E8-6A-90-24-74-42-A8-76-9A-C3-F1-9B-2B-DA-87-4A-8F">
      <ModulePath>c:\Program Files\dotnet\shared\Microsoft.NETCore.App\2.1.0-rc1\System.Runtime.InteropServices.dll</ModulePath>
      <ModuleTime>2018-04-25T22:56:50Z</ModuleTime>
      <ModuleName>System.Runtime.InteropServices</ModuleName>
      <Classes />
    </Module>
    <Module skippedDueTo="Filter" hash="78-77-53-93-8A-A0-4D-62-76-5F-54-E4-29-58-89-51-41-E0-16-31">
      <ModulePath>c:\Program Files\dotnet\sdk\2.1.300-rc1-008673\Microsoft.Build.Framework.dll</ModulePath>
      <ModuleTime>2018-04-27T15:38:08Z</ModuleTime>
      <ModuleName>Microsoft.Build.Framework</ModuleName>
      <Classes />
    </Module>
    <Module skippedDueTo="Filter" hash="2C-65-E0-EE-16-EB-E9-52-6A-F5-1C-DE-2C-98-C1-77-46-40-C4-04">
      <ModulePath>c:\Program Files\dotnet\shared\Microsoft.NETCore.App\2.1.0-rc1\netstandard.dll</ModulePath>
      <ModuleTime>2018-04-25T22:56:50Z</ModuleTime>
      <ModuleName>netstandard</ModuleName>
      <Classes />
    </Module>
    <Module skippedDueTo="Filter" hash="9E-88-55-C2-46-F2-C5-11-31-B9-31-9F-05-51-DB-BB-22-BF-FB-B0">
      <ModulePath>c:\Program Files\dotnet\shared\Microsoft.NETCore.App\2.1.0-rc1\System.Memory.dll</ModulePath>
      <ModuleTime>2018-04-25T22:56:48Z</ModuleTime>
      <ModuleName>System.Memory</ModuleName>
      <Classes />
    </Module>
    <Module skippedDueTo="Filter" hash="1B-16-06-89-C0-55-88-34-6B-98-E6-E3-EA-15-82-B4-3A-59-58-50">
      <ModulePath>c:\Program Files\dotnet\shared\Microsoft.NETCore.App\2.1.0-rc1\System.Linq.dll</ModulePath>
      <ModuleTime>2018-04-25T22:56:48Z</ModuleTime>
      <ModuleName>System.Linq</ModuleName>
      <Classes />
    </Module>
    <Module skippedDueTo="Filter" hash="51-7F-7E-99-E3-AE-07-87-26-C5-BE-D2-1E-4E-AE-08-39-F5-A0-66">
      <ModulePath>c:\Program Files\dotnet\shared\Microsoft.NETCore.App\2.1.0-rc1\System.Console.dll</ModulePath>
      <ModuleTime>2018-04-25T22:56:46Z</ModuleTime>
      <ModuleName>System.Console</ModuleName>
      <Classes />
    </Module>
    <Module skippedDueTo="Filter" hash="49-0F-1C-E0-FE-E5-9D-F9-27-AA-0E-4F-5B-06-4D-B8-E0-D0-36-38">
      <ModulePath>c:\Program Files\dotnet\shared\Microsoft.NETCore.App\2.1.0-rc1\System.Diagnostics.Process.dll</ModulePath>
      <ModuleTime>2018-04-25T22:56:46Z</ModuleTime>
      <ModuleName>System.Diagnostics.Process</ModuleName>
      <Classes />
    </Module>
    <Module skippedDueTo="Filter" hash="BA-34-D7-74-79-3B-EE-D2-D2-C1-47-2D-D1-57-50-3D-7F-DA-F3-E1">
      <ModulePath>c:\Program Files\dotnet\shared\Microsoft.NETCore.App\2.1.0-rc1\System.ComponentModel.Primitives.dll</ModulePath>
      <ModuleTime>2018-04-25T22:56:46Z</ModuleTime>
      <ModuleName>System.ComponentModel.Primitives</ModuleName>
      <Classes />
    </Module>
    <Module skippedDueTo="Filter" hash="09-5B-A1-C6-2E-26-1F-25-FE-6B-CA-44-30-C1-7E-42-1D-64-21-48">
      <ModulePath>c:\Program Files\dotnet\shared\Microsoft.NETCore.App\2.1.0-rc1\System.Collections.dll</ModulePath>
      <ModuleTime>2018-04-25T22:56:46Z</ModuleTime>
      <ModuleName>System.Collections</ModuleName>
      <Classes />
    </Module>
    <Module skippedDueTo="Filter" hash="32-A8-0B-47-46-EE-C8-64-36-AE-45-E7-27-1E-86-6B-49-F8-57-34">
      <ModulePath>c:\Program Files\dotnet\sdk\2.1.300-rc1-008673\Microsoft.Build.dll</ModulePath>
      <ModuleTime>2018-04-27T15:38:10Z</ModuleTime>
      <ModuleName>Microsoft.Build</ModuleName>
      <Classes />
    </Module>
    <Module skippedDueTo="Filter" hash="7E-B0-76-5A-6F-9F-CF-F3-40-08-78-95-A0-25-45-74-49-1E-24-0A">
      <ModulePath>c:\Program Files\dotnet\sdk\2.1.300-rc1-008673\runtimes\win\lib\netcoreapp2.0\System.Text.Encoding.CodePages.dll</ModulePath>
      <ModuleTime>2018-04-27T15:36:40Z</ModuleTime>
      <ModuleName>System.Text.Encoding.CodePages</ModuleName>
      <Classes />
    </Module>
    <Module skippedDueTo="Filter" hash="1A-28-8F-57-B8-9B-9B-D1-CD-C5-51-E6-F3-49-1C-49-4A-5B-39-3D">
      <ModulePath>c:\Program Files\dotnet\shared\Microsoft.NETCore.App\2.1.0-rc1\System.Runtime.InteropServices.RuntimeInformation.dll</ModulePath>
      <ModuleTime>2018-04-25T22:56:50Z</ModuleTime>
      <ModuleName>System.Runtime.InteropServices.RuntimeInformation</ModuleName>
      <Classes />
    </Module>
    <Module skippedDueTo="Filter" hash="4F-46-6A-E0-FA-95-FB-C0-40-72-97-D6-75-FA-97-72-27-30-8A-3F">
      <ModulePath>c:\Program Files\dotnet\shared\Microsoft.NETCore.App\2.1.0-rc1\System.Collections.Concurrent.dll</ModulePath>
      <ModuleTime>2018-04-25T22:56:46Z</ModuleTime>
      <ModuleName>System.Collections.Concurrent</ModuleName>
      <Classes />
    </Module>
    <Module skippedDueTo="Filter" hash="E9-B3-E5-05-0E-43-0F-3A-96-D6-D4-A5-8F-53-A5-47-EE-C3-87-96">
      <ModulePath>c:\Program Files\dotnet\sdk\2.1.300-rc1-008673\dotnet.dll</ModulePath>
      <ModuleTime>2018-04-27T15:37:42Z</ModuleTime>
      <ModuleName>dotnet</ModuleName>
      <Classes />
    </Module>
    <Module skippedDueTo="Filter" hash="52-1D-FD-BE-43-2F-75-70-E2-64-90-69-C3-D2-92-CB-AD-C3-60-AD">
      <ModulePath>c:\Program Files\dotnet\sdk\2.1.300-rc1-008673\Microsoft.DotNet.Tools.MigrateCommand.dll</ModulePath>
      <ModuleTime>2018-04-27T15:38:08Z</ModuleTime>
      <ModuleName>Microsoft.DotNet.Tools.MigrateCommand</ModuleName>
      <Classes />
    </Module>
    <Module skippedDueTo="Filter" hash="0C-F1-CF-78-E0-E5-71-19-A5-13-25-5B-A3-E0-2A-10-73-92-2A-45">
      <ModulePath>c:\Program Files\dotnet\sdk\2.1.300-rc1-008673\Microsoft.DotNet.Configurer.dll</ModulePath>
      <ModuleTime>2018-04-27T15:38:08Z</ModuleTime>
      <ModuleName>Microsoft.DotNet.Configurer</ModuleName>
      <Classes />
    </Module>
    <Module skippedDueTo="Filter" hash="D7-1B-C5-69-47-11-FA-32-63-9A-AD-55-30-3C-2D-E2-C8-8A-47-CD">
      <ModulePath>c:\Program Files\dotnet\sdk\2.1.300-rc1-008673\Microsoft.DotNet.Cli.Utils.dll</ModulePath>
      <ModuleTime>2018-04-27T15:38:08Z</ModuleTime>
      <ModuleName>Microsoft.DotNet.Cli.Utils</ModuleName>
      <Classes />
    </Module>
    <Module skippedDueTo="Filter" hash="8E-BC-03-42-9A-63-01-1D-4C-12-10-EB-1D-BE-89-A0-91-62-B1-F7">
      <ModulePath>c:\Program Files\dotnet\sdk\2.1.300-rc1-008673\NuGet.Frameworks.dll</ModulePath>
      <ModuleTime>2018-04-27T15:42:24Z</ModuleTime>
      <ModuleName>NuGet.Frameworks</ModuleName>
      <Classes />
    </Module>
    <Module skippedDueTo="Filter" hash="81-72-86-46-2B-DF-8F-B8-4A-E1-02-79-E8-B1-E5-50-BB-41-21-AF">
      <ModulePath>c:\Program Files\dotnet\sdk\2.1.300-rc1-008673\Microsoft.DotNet.InternalAbstractions.dll</ModulePath>
      <ModuleTime>2018-04-27T15:38:08Z</ModuleTime>
      <ModuleName>Microsoft.DotNet.InternalAbstractions</ModuleName>
      <Classes />
    </Module>
    <Module skippedDueTo="Filter" hash="DB-9A-BC-EE-E7-B4-0A-73-12-9E-B2-25-0E-1D-19-5E-0E-94-38-D5">
      <ModulePath>c:\Program Files\dotnet\shared\Microsoft.NETCore.App\2.1.0-rc1\System.IO.FileSystem.Primitives.dll</ModulePath>
      <ModuleTime>2018-04-25T22:56:48Z</ModuleTime>
      <ModuleName>System.IO.FileSystem.Primitives</ModuleName>
      <Classes />
    </Module>
    <Module skippedDueTo="Filter" hash="D6-02-71-87-2B-85-BD-8C-D9-E5-B9-7B-07-97-C3-3F-61-B8-AF-7C">
      <ModulePath>c:\Program Files\dotnet\sdk\2.1.300-rc1-008673\Microsoft.ApplicationInsights.dll</ModulePath>
      <ModuleTime>2018-04-27T15:38:08Z</ModuleTime>
      <ModuleName>Microsoft.ApplicationInsights</ModuleName>
      <Classes />
    </Module>
    <Module skippedDueTo="Filter" hash="E4-22-56-F3-88-41-D7-3A-77-7F-63-47-AD-98-9C-49-48-5F-A7-DE">
      <ModulePath>c:\Program Files\dotnet\shared\Microsoft.NETCore.App\2.1.0-rc1\System.Text.Encoding.Extensions.dll</ModulePath>
      <ModuleTime>2018-04-25T22:56:50Z</ModuleTime>
      <ModuleName>System.Text.Encoding.Extensions</ModuleName>
      <Classes />
    </Module>
    <Module skippedDueTo="Filter" hash="6D-36-4C-42-29-84-44-B4-D8-F2-CB-CA-DE-4D-22-09-D7-B8-80-D3">
      <ModulePath>c:\Program Files\dotnet\sdk\2.1.300-rc1-008673\Microsoft.DotNet.PlatformAbstractions.dll</ModulePath>
      <ModuleTime>2018-04-27T15:38:48Z</ModuleTime>
      <ModuleName>Microsoft.DotNet.PlatformAbstractions</ModuleName>
      <Classes />
    </Module>
    <Module skippedDueTo="Filter" hash="5B-BC-3B-D8-AC-2B-80-56-9A-BB-94-2F-9A-16-7A-F3-0F-AF-85-CE">
      <ModulePath>c:\Program Files\dotnet\shared\Microsoft.NETCore.App\2.1.0-rc1\System.Reflection.Extensions.dll</ModulePath>
      <ModuleTime>2018-04-25T22:56:50Z</ModuleTime>
      <ModuleName>System.Reflection.Extensions</ModuleName>
      <Classes />
    </Module>
    <Module skippedDueTo="Filter" hash="26-E4-A6-46-54-AF-FD-63-A8-95-C9-06-E4-39-01-E8-82-6C-B0-C2">
      <ModulePath>c:\Program Files\dotnet\shared\Microsoft.NETCore.App\2.1.0-rc1\System.Reflection.dll</ModulePath>
      <ModuleTime>2018-04-25T22:56:50Z</ModuleTime>
      <ModuleName>System.Reflection</ModuleName>
      <Classes />
    </Module>
    <Module skippedDueTo="Filter" hash="4D-08-69-C5-86-54-F0-88-3E-C9-ED-69-01-00-A6-FA-82-47-D2-7A">
      <ModulePath>c:\Program Files\dotnet\shared\Microsoft.NETCore.App\2.1.0-rc1\System.Xml.XDocument.dll</ModulePath>
      <ModuleTime>2018-04-25T22:56:50Z</ModuleTime>
      <ModuleName>System.Xml.XDocument</ModuleName>
      <Classes />
    </Module>
    <Module skippedDueTo="Filter" hash="FE-36-AC-BC-D4-12-0F-60-9A-48-53-6F-05-16-C0-1F-79-99-90-23">
      <ModulePath>c:\Program Files\dotnet\shared\Microsoft.NETCore.App\2.1.0-rc1\System.Private.Xml.Linq.dll</ModulePath>
      <ModuleTime>2018-04-25T22:56:48Z</ModuleTime>
      <ModuleName>System.Private.Xml.Linq</ModuleName>
      <Classes />
    </Module>
    <Module skippedDueTo="Filter" hash="95-99-73-6D-9C-47-C5-D9-DD-D6-79-31-8D-13-D6-E4-DA-19-31-43">
      <ModulePath>c:\Program Files\dotnet\shared\Microsoft.NETCore.App\2.1.0-rc1\System.Private.Xml.dll</ModulePath>
      <ModuleTime>2018-04-25T22:56:48Z</ModuleTime>
      <ModuleName>System.Private.Xml</ModuleName>
      <Classes />
    </Module>
    <Module skippedDueTo="Filter" hash="3F-2C-E4-14-EE-20-82-4F-25-57-7C-3D-4A-6A-A0-DA-8C-72-F3-05">
      <ModulePath>c:\Program Files\dotnet\shared\Microsoft.NETCore.App\2.1.0-rc1\System.Xml.ReaderWriter.dll</ModulePath>
      <ModuleTime>2018-04-25T22:56:50Z</ModuleTime>
      <ModuleName>System.Xml.ReaderWriter</ModuleName>
      <Classes />
    </Module>
    <Module skippedDueTo="Filter" hash="04-63-07-0E-B6-1E-A1-D0-FF-35-71-2B-B0-B5-56-65-EF-59-B7-50">
      <ModulePath>c:\Program Files\dotnet\shared\Microsoft.NETCore.App\2.1.0-rc1\System.Diagnostics.Tracing.dll</ModulePath>
      <ModuleTime>2018-04-25T22:56:48Z</ModuleTime>
      <ModuleName>System.Diagnostics.Tracing</ModuleName>
      <Classes />
    </Module>
    <Module skippedDueTo="Filter" hash="DA-2D-1E-04-BA-1F-5F-31-75-DD-9C-54-00-E9-F3-E4-41-93-CE-AE">
      <ModulePath>c:\Program Files\dotnet\shared\Microsoft.NETCore.App\2.1.0-rc1\System.Private.Uri.dll</ModulePath>
      <ModuleTime>2018-04-25T22:56:48Z</ModuleTime>
      <ModuleName>System.Private.Uri</ModuleName>
      <Classes />
    </Module>
    <Module skippedDueTo="Filter" hash="75-2F-57-19-77-97-02-FA-FC-56-8B-B8-E9-26-AD-E8-C6-BB-7C-E2">
[...]
              <MetadataToken>100663370</MetadataToken>
              <Name>System.Void ArqueBus.SubscriptionListener`2/&lt;Run&gt;d__7::MoveNext()</Name>
              <FileRef uid="14" />
              <SequencePoints>
                <SequencePoint vc="13" uspid="346" ordinal="0" offset="14" sl="27" sc="9" el="27" ec="10" bec="0" bev="0" fileid="14" />
                <SequencePoint vc="13" uspid="347" ordinal="1" offset="15" sl="28" sc="13" el="28" ec="32" bec="2" bev="2" fileid="14" />
                <SequencePoint vc="1" uspid="348" ordinal="2" offset="33" sl="29" sc="17" el="29" ec="65" bec="0" bev="0" fileid="14" />
                <SequencePoint vc="12" uspid="349" ordinal="3" offset="44" sl="31" sc="13" el="31" ec="42" bec="0" bev="0" fileid="14" />
                <SequencePoint vc="12" uspid="350" ordinal="4" offset="181" sl="32" sc="9" el="32" ec="10" bec="0" bev="0" fileid="14" />
              </SequencePoints>
              <BranchPoints>
                <BranchPoint vc="1" uspid="351" ordinal="0" offset="31" sl="28" path="0" offsetend="33" fileid="14" />
                <BranchPoint vc="12" uspid="352" ordinal="1" offset="31" sl="28" path="1" offsetend="44" fileid="14" />
              </BranchPoints>
              <MethodPoint vc="13" uspid="355" ordinal="0" offset="0" />
            </Method>
            <Method visited="false" cyclomaticComplexity="1" nPathComplexity="0" sequenceCoverage="0" branchCoverage="0" isConstructor="false" isStatic="false" isGetter="false" isSetter="false">
              <Summary numSequencePoints="0" visitedSequencePoints="0" numBranchPoints="0" visitedBranchPoints="0" sequenceCoverage="0" branchCoverage="0" maxCyclomaticComplexity="1" minCyclomaticComplexity="1" visitedClasses="0" numClasses="0" visitedMethods="0" numMethods="0" />
              <MetadataToken>100663371</MetadataToken>
              <Name>System.Void ArqueBus.SubscriptionListener`2/&lt;Run&gt;d__7::SetStateMachine(System.Runtime.CompilerServices.IAsyncStateMachine)</Name>
              <SequencePoints />
              <BranchPoints />
              <MethodPoint vc="0" uspid="356" ordinal="0" offset="0" />
            </Method>
          </Methods>
        </Class>
        <Class>
          <Summary numSequencePoints="3" visitedSequencePoints="3" numBranchPoints="1" visitedBranchPoints="1" sequenceCoverage="100" branchCoverage="100" maxCyclomaticComplexity="3" minCyclomaticComplexity="1" visitedClasses="1" numClasses="1" visitedMethods="1" numMethods="1" />
          <FullName>ArqueBus.SubscriptionListener`2/&lt;ListenAsync&gt;d__8</FullName>
          <Methods>
            <Method visited="true" cyclomaticComplexity="1" nPathComplexity="0" sequenceCoverage="0" branchCoverage="0" isConstructor="true" isStatic="false" isGetter="false" isSetter="false">
              <Summary numSequencePoints="0" visitedSequencePoints="0" numBranchPoints="0" visitedBranchPoints="0" sequenceCoverage="0" branchCoverage="0" maxCyclomaticComplexity="1" minCyclomaticComplexity="1" visitedClasses="0" numClasses="0" visitedMethods="0" numMethods="0" />
              <MetadataToken>100663372</MetadataToken>
              <Name>System.Void ArqueBus.SubscriptionListener`2/&lt;ListenAsync&gt;d__8::.ctor()</Name>
              <SequencePoints />
              <BranchPoints />
              <MethodPoint vc="2" uspid="357" ordinal="0" offset="0" />
            </Method>
            <Method visited="true" cyclomaticComplexity="3" nPathComplexity="0" sequenceCoverage="100" branchCoverage="100" isConstructor="false" isStatic="false" isGetter="false" isSetter="false">
              <Summary numSequencePoints="3" visitedSequencePoints="3" numBranchPoints="1" visitedBranchPoints="1" sequenceCoverage="100" branchCoverage="100" maxCyclomaticComplexity="3" minCyclomaticComplexity="3" visitedClasses="0" numClasses="0" visitedMethods="1" numMethods="1" />
              <MetadataToken>100663373</MetadataToken>
              <Name>System.Void ArqueBus.SubscriptionListener`2/&lt;ListenAsync&gt;d__8::MoveNext()</Name>
              <FileRef uid="14" />
              <SequencePoints>
                <SequencePoint vc="2" uspid="358" ordinal="0" offset="14" sl="35" sc="9" el="35" ec="10" bec="0" bev="0" fileid="14" />
                <SequencePoint vc="2" uspid="359" ordinal="1" offset="15" sl="36" sc="13" el="36" ec="48" bec="0" bev="0" fileid="14" />
                <SequencePoint vc="2" uspid="360" ordinal="2" offset="158" sl="37" sc="9" el="37" ec="10" bec="0" bev="0" fileid="14" />
              </SequencePoints>
              <BranchPoints />
              <MethodPoint vc="2" uspid="363" ordinal="0" offset="0" />
            </Method>
            <Method visited="false" cyclomaticComplexity="1" nPathComplexity="0" sequenceCoverage="0" branchCoverage="0" isConstructor="false" isStatic="false" isGetter="false" isSetter="false">
              <Summary numSequencePoints="0" visitedSequencePoints="0" numBranchPoints="0" visitedBranchPoints="0" sequenceCoverage="0" branchCoverage="0" maxCyclomaticComplexity="1" minCyclomaticComplexity="1" visitedClasses="0" numClasses="0" visitedMethods="0" numMethods="0" />
              <MetadataToken>100663374</MetadataToken>
              <Name>System.Void ArqueBus.SubscriptionListener`2/&lt;ListenAsync&gt;d__8::SetStateMachine(System.Runtime.CompilerServices.IAsyncStateMachine)</Name>
              <SequencePoints />
              <BranchPoints />
              <MethodPoint vc="0" uspid="364" ordinal="0" offset="0" />
            </Method>
          </Methods>
        </Class>
        <Class>
          <Summary numSequencePoints="3" visitedSequencePoints="3" numBranchPoints="1" visitedBranchPoints="1" sequenceCoverage="100" branchCoverage="100" maxCyclomaticComplexity="3" minCyclomaticComplexity="1" visitedClasses="1" numClasses="1" visitedMethods="1" numMethods="1" />
          <FullName>ArqueBus.SubscriptionListener`2/&lt;ListenAsync&gt;d__9</FullName>
          <Methods>
            <Method visited="true" cyclomaticComplexity="1" nPathComplexity="0" sequenceCoverage="0" branchCoverage="0" isConstructor="true" isStatic="false" isGetter="false" isSetter="false">
              <Summary numSequencePoints="0" visitedSequencePoints="0" numBranchPoints="0" visitedBranchPoints="0" sequenceCoverage="0" branchCoverage="0" maxCyclomaticComplexity="1" minCyclomaticComplexity="1" visitedClasses="0" numClasses="0" visitedMethods="0" numMethods="0" />
              <MetadataToken>100663375</MetadataToken>
              <Name>System.Void ArqueBus.SubscriptionListener`2/&lt;ListenAsync&gt;d__9::.ctor()</Name>
              <SequencePoints />
              <BranchPoints />
              <MethodPoint vc="14" uspid="365" ordinal="0" offset="0" />
            </Method>
            <Method visited="true" cyclomaticComplexity="3" nPathComplexity="0" sequenceCoverage="100" branchCoverage="100" isConstructor="false" isStatic="false" isGetter="false" isSetter="false">
              <Summary numSequencePoints="3" visitedSequencePoints="3" numBranchPoints="1" visitedBranchPoints="1" sequenceCoverage="100" branchCoverage="100" maxCyclomaticComplexity="3" minCyclomaticComplexity="3" visitedClasses="0" numClasses="0" visitedMethods="1" numMethods="1" />
              <MetadataToken>100663376</MetadataToken>
              <Name>System.Void ArqueBus.SubscriptionListener`2/&lt;ListenAsync&gt;d__9::MoveNext()</Name>
              <FileRef uid="14" />
              <SequencePoints>
                <SequencePoint vc="14" uspid="366" ordinal="0" offset="14" sl="40" sc="9" el="40" ec="10" bec="0" bev="0" fileid="14" />
                <SequencePoint vc="14" uspid="367" ordinal="1" offset="15" sl="41" sc="13" el="41" ec="53" bec="0" bev="0" fileid="14" />
                <SequencePoint vc="8" uspid="368" ordinal="2" offset="164" sl="42" sc="9" el="42" ec="10" bec="0" bev="0" fileid="14" />
              </SequencePoints>
              <BranchPoints />
              <MethodPoint vc="23" uspid="371" ordinal="0" offset="0" />
            </Method>
            <Method visited="false" cyclomaticComplexity="1" nPathComplexity="0" sequenceCoverage="0" branchCoverage="0" isConstructor="false" isStatic="false" isGetter="false" isSetter="false">
              <Summary numSequencePoints="0" visitedSequencePoints="0" numBranchPoints="0" visitedBranchPoints="0" sequenceCoverage="0" branchCoverage="0" maxCyclomaticComplexity="1" minCyclomaticComplexity="1" visitedClasses="0" numClasses="0" visitedMethods="0" numMethods="0" />
              <MetadataToken>100663377</MetadataToken>
              <Name>System.Void ArqueBus.SubscriptionListener`2/&lt;ListenAsync&gt;d__9::SetStateMachine(System.Runtime.CompilerServices.IAsyncStateMachine)</Name>
              <SequencePoints />
              <BranchPoints />
              <MethodPoint vc="0" uspid="372" ordinal="0" offset="0" />
            </Method>
          </Methods>
        </Class>
        <Class>
          <Summary numSequencePoints="8" visitedSequencePoints="8" numBranchPoints="3" visitedBranchPoints="3" sequenceCoverage="100" branchCoverage="100" maxCyclomaticComplexity="5" minCyclomaticComplexity="1" visitedClasses="1" numClasses="1" visitedMethods="1" numMethods="1" />
          <FullName>ArqueBus.SubscriptionListener`2/&lt;ListenAsync&gt;d__10`1</FullName>
          <Methods>
            <Method visited="true" cyclomaticComplexity="1" nPathComplexity="0" sequenceCoverage="0" branchCoverage="0" isConstructor="true" isStatic="false" isGetter="false" isSetter="false">
              <Summary numSequencePoints="0" visitedSequencePoints="0" numBranchPoints="0" visitedBranchPoints="0" sequenceCoverage="0" branchCoverage="0" maxCyclomaticComplexity="1" minCyclomaticComplexity="1" visitedClasses="0" numClasses="0" visitedMethods="0" numMethods="0" />
              <MetadataToken>100663378</MetadataToken>
              <Name>System.Void ArqueBus.SubscriptionListener`2/&lt;ListenAsync&gt;d__10`1::.ctor()</Name>
              <SequencePoints />
              <BranchPoints />
              <MethodPoint vc="2" uspid="373" ordinal="0" offset="0" />
            </Method>
            <Method visited="true" cyclomaticComplexity="5" nPathComplexity="2" sequenceCoverage="100" branchCoverage="100" isConstructor="false" isStatic="false" isGetter="false" isSetter="false">
              <Summary numSequencePoints="8" visitedSequencePoints="8" numBranchPoints="3" visitedBranchPoints="3" sequenceCoverage="100" branchCoverage="100" maxCyclomaticComplexity="5" minCyclomaticComplexity="5" visitedClasses="0" numClasses="0" visitedMethods="1" numMethods="1" />
              <MetadataToken>100663379</MetadataToken>
              <Name>System.Void ArqueBus.SubscriptionListener`2/&lt;ListenAsync&gt;d__10`1::MoveNext()</Name>
              <FileRef uid="14" />
              <SequencePoints>
                <SequencePoint vc="2" uspid="374" ordinal="0" offset="14" sl="45" sc="9" el="45" ec="10" bec="0" bev="0" fileid="14" />
                <SequencePoint vc="2" uspid="375" ordinal="1" offset="15" sl="46" sc="13" el="46" ec="45" bec="0" bev="0" fileid="14" />
                <SequencePoint vc="2" uspid="376" ordinal="2" offset="145" sl="47" sc="13" el="47" ec="44" bec="0" bev="0" fileid="14" />
                <SequencePoint vc="2" uspid="377" ordinal="3" offset="172" sl="48" sc="13" el="48" ec="52" bec="2" bev="2" fileid="14" />
                <SequencePoint vc="1" uspid="378" ordinal="4" offset="208" sl="49" sc="13" el="49" ec="14" bec="0" bev="0" fileid="14" />
                <SequencePoint vc="1" uspid="379" ordinal="5" offset="209" sl="50" sc="17" el="50" ec="111" bec="0" bev="0" fileid="14" />
                <SequencePoint vc="1" uspid="380" ordinal="6" offset="245" sl="53" sc="13" el="53" ec="30" bec="0" bev="0" fileid="14" />
                <SequencePoint vc="1" uspid="381" ordinal="7" offset="280" sl="54" sc="9" el="54" ec="10" bec="0" bev="0" fileid="14" />
              </SequencePoints>
              <BranchPoints>
                <BranchPoint vc="1" uspid="388" ordinal="6" offset="206" sl="48" path="0" offsetend="208" fileid="14" />
                <BranchPoint vc="1" uspid="389" ordinal="7" offset="206" sl="48" path="1" offsetend="245" fileid="14" />
              </BranchPoints>
              <MethodPoint vc="2" uspid="390" ordinal="0" offset="0" />
            </Method>
            <Method visited="false" cyclomaticComplexity="1" nPathComplexity="0" sequenceCoverage="0" branchCoverage="0" isConstructor="false" isStatic="false" isGetter="false" isSetter="false">
              <Summary numSequencePoints="0" visitedSequencePoints="0" numBranchPoints="0" visitedBranchPoints="0" sequenceCoverage="0" branchCoverage="0" maxCyclomaticComplexity="1" minCyclomaticComplexity="1" visitedClasses="0" numClasses="0" visitedMethods="0" numMethods="0" />
              <MetadataToken>100663380</MetadataToken>
              <Name>System.Void ArqueBus.SubscriptionListener`2/&lt;ListenAsync&gt;d__10`1::SetStateMachine(System.Runtime.CompilerServices.IAsyncStateMachine)</Name>
              <SequencePoints />
              <BranchPoints />
              <MethodPoint vc="0" uspid="391" ordinal="0" offset="0" />
            </Method>
          </Methods>
        </Class>
        <Class>
          <Summary numSequencePoints="8" visitedSequencePoints="8" numBranchPoints="3" visitedBranchPoints="3" sequenceCoverage="100" branchCoverage="100" maxCyclomaticComplexity="5" minCyclomaticComplexity="1" visitedClasses="1" numClasses="1" visitedMethods="1" numMethods="1" />
          <FullName>ArqueBus.SubscriptionListener`2/&lt;ListenAsync&gt;d__11`1</FullName>
          <Methods>
            <Method visited="true" cyclomaticComplexity="1" nPathComplexity="0" sequenceCoverage="0" branchCoverage="0" isConstructor="true" isStatic="false" isGetter="false" isSetter="false">
              <Summary numSequencePoints="0" visitedSequencePoints="0" numBranchPoints="0" visitedBranchPoints="0" sequenceCoverage="0" branchCoverage="0" maxCyclomaticComplexity="1" minCyclomaticComplexity="1" visitedClasses="0" numClasses="0" visitedMethods="0" numMethods="0" />
              <MetadataToken>100663381</MetadataToken>
              <Name>System.Void ArqueBus.SubscriptionListener`2/&lt;ListenAsync&gt;d__11`1::.ctor()</Name>
              <SequencePoints />
              <BranchPoints />
              <MethodPoint vc="14" uspid="392" ordinal="0" offset="0" />
            </Method>
            <Method visited="true" cyclomaticComplexity="5" nPathComplexity="2" sequenceCoverage="100" branchCoverage="100" isConstructor="false" isStatic="false" isGetter="false" isSetter="false">
              <Summary numSequencePoints="8" visitedSequencePoints="8" numBranchPoints="3" visitedBranchPoints="3" sequenceCoverage="100" branchCoverage="100" maxCyclomaticComplexity="5" minCyclomaticComplexity="5" visitedClasses="0" numClasses="0" visitedMethods="1" numMethods="1" />
              <MetadataToken>100663382</MetadataToken>
              <Name>System.Void ArqueBus.SubscriptionListener`2/&lt;ListenAsync&gt;d__11`1::MoveNext()</Name>
              <FileRef uid="14" />
              <SequencePoints>
                <SequencePoint vc="14" uspid="393" ordinal="0" offset="14" sl="57" sc="9" el="57" ec="10" bec="0" bev="0" fileid="14" />
                <SequencePoint vc="14" uspid="394" ordinal="1" offset="15" sl="58" sc="13" el="58" ec="50" bec="0" bev="0" fileid="14" />
                <SequencePoint vc="8" uspid="395" ordinal="2" offset="151" sl="59" sc="13" el="59" ec="44" bec="0" bev="0" fileid="14" />
                <SequencePoint vc="8" uspid="396" ordinal="3" offset="178" sl="60" sc="13" el="60" ec="52" bec="2" bev="2" fileid="14" />
                <SequencePoint vc="1" uspid="397" ordinal="4" offset="214" sl="61" sc="13" el="61" ec="14" bec="0" bev="0" fileid="14" />
                <SequencePoint vc="1" uspid="398" ordinal="5" offset="215" sl="62" sc="17" el="62" ec="111" bec="0" bev="0" fileid="14" />
                <SequencePoint vc="7" uspid="399" ordinal="6" offset="251" sl="65" sc="13" el="65" ec="30" bec="0" bev="0" fileid="14" />
                <SequencePoint vc="7" uspid="400" ordinal="7" offset="286" sl="66" sc="9" el="66" ec="10" bec="0" bev="0" fileid="14" />
              </SequencePoints>
              <BranchPoints>
                <BranchPoint vc="1" uspid="407" ordinal="6" offset="212" sl="60" path="0" offsetend="214" fileid="14" />
                <BranchPoint vc="7" uspid="408" ordinal="7" offset="212" sl="60" path="1" offsetend="251" fileid="14" />
              </BranchPoints>
              <MethodPoint vc="23" uspid="409" ordinal="0" offset="0" />
            </Method>
            <Method visited="false" cyclomaticComplexity="1" nPathComplexity="0" sequenceCoverage="0" branchCoverage="0" isConstructor="false" isStatic="false" isGetter="false" isSetter="false">
              <Summary numSequencePoints="0" visitedSequencePoints="0" numBranchPoints="0" visitedBranchPoints="0" sequenceCoverage="0" branchCoverage="0" maxCyclomaticComplexity="1" minCyclomaticComplexity="1" visitedClasses="0" numClasses="0" visitedMethods="0" numMethods="0" />
              <MetadataToken>100663383</MetadataToken>
              <Name>System.Void ArqueBus.SubscriptionListener`2/&lt;ListenAsync&gt;d__11`1::SetStateMachine(System.Runtime.CompilerServices.IAsyncStateMachine)</Name>
              <SequencePoints />
              <BranchPoints />
              <MethodPoint vc="0" uspid="410" ordinal="0" offset="0" />
            </Method>
          </Methods>
        </Class>
      </Classes>
    </Module>
    <Module skippedDueTo="Filter" hash="D9-A3-95-EF-9F-FF-CC-B9-1F-25-1E-98-23-AF-9E-C8-02-8D-E8-64">
      <ModulePath>C:\Users\nauze\.nuget\packages\fluentassertions\5.3.0\lib\netstandard2.0\FluentAssertions.dll</ModulePath>
      <ModuleTime>2018-04-18T22:47:46Z</ModuleTime>
      <ModuleName>FluentAssertions</ModuleName>
      <Classes />
    </Module>
    <Module skippedDueTo="Filter" hash="2C-65-E0-EE-16-EB-E9-52-6A-F5-1C-DE-2C-98-C1-77-46-40-C4-04">
      <ModulePath>c:\Program Files\dotnet\shared\Microsoft.NETCore.App\2.1.0-rc1\netstandard.dll</ModulePath>
      <ModuleTime>2018-04-25T22:56:50Z</ModuleTime>
      <ModuleName>netstandard</ModuleName>
      <Classes />
    </Module>
    <Module skippedDueTo="Filter" hash="D3-AA-97-80-7B-70-D5-0F-8F-34-B1-D2-1D-C2-A7-54-07-CC-27-F4">
      <ModulePath>C:\Users\nauze\.nuget\packages\xunit.assert\2.4.0-beta.1.build3958\lib\netstandard1.1\xunit.assert.dll</ModulePath>
      <ModuleTime>2018-02-12T03:16:50Z</ModuleTime>
      <ModuleName>xunit.assert</ModuleName>
      <Classes />
    </Module>
    <Module skippedDueTo="Filter" hash="DA-0A-E2-C1-F8-D5-4E-6D-70-0B-77-12-22-BD-F5-EC-6F-3F-A9-20">
      <ModulePath>c:\Program Files\dotnet\shared\Microsoft.NETCore.App\2.1.0-rc1\System.Threading.Tasks.Dataflow.dll</ModulePath>
      <ModuleTime>2018-04-25T22:56:50Z</ModuleTime>
      <ModuleName>System.Threading.Tasks.Dataflow</ModuleName>
      <Classes />
    </Module>
    <Module skippedDueTo="Filter" hash="04-63-07-0E-B6-1E-A1-D0-FF-35-71-2B-B0-B5-56-65-EF-59-B7-50">
      <ModulePath>c:\Program Files\dotnet\shared\Microsoft.NETCore.App\2.1.0-rc1\System.Diagnostics.Tracing.dll</ModulePath>
      <ModuleTime>2018-04-25T22:56:48Z</ModuleTime>
      <ModuleName>System.Diagnostics.Tracing</ModuleName>
      <Classes />
    </Module>
    <Module skippedDueTo="Filter" hash="4F-F9-FB-E3-F0-67-1E-55-ED-CC-B4-AE-AB-B1-78-6F-EB-95-0D-E8">
      <ModulePath>c:\Program Files\dotnet\shared\Microsoft.NETCore.App\2.1.0-rc1\System.Threading.Timer.dll</ModulePath>
      <ModuleTime>2018-04-25T22:56:50Z</ModuleTime>
      <ModuleName>System.Threading.Timer</ModuleName>
      <Classes />
    </Module>
  </Modules>
</CoverageSession>